[0.000000] (-) TimerEvent: {}
[0.000080] (-) JobUnselected: {'identifier': 'action_tutorials_interfaces'}
[0.000095] (-) JobUnselected: {'identifier': 'more_interfaces'}
[0.000104] (-) JobUnselected: {'identifier': 'py_pubsub'}
[0.000114] (-) JobUnselected: {'identifier': 'py_srvcli'}
[0.000121] (-) JobUnselected: {'identifier': 'python_parameters'}
[0.000129] (-) JobUnselected: {'identifier': 'turtlesim'}
[0.000141] (tutorial_interfaces) JobQueued: {'identifier': 'tutorial_interfaces', 'dependencies': OrderedDict()}
[0.000156] (tutorial_interfaces) JobStarted: {'identifier': 'tutorial_interfaces'}
[0.019799] (tutorial_interfaces) JobProgress: {'identifier': 'tutorial_interfaces', 'progress': 'cmake'}
[0.022697] (tutorial_interfaces) JobProgress: {'identifier': 'tutorial_interfaces', 'progress': 'build'}
[0.022748] (tutorial_interfaces) Command: {'cmd': ['/usr/bin/cmake', '--build', '/home/zheka/Smart-Mobility-Engineering-Lab/ros2_ws/build/tutorial_interfaces', '--', '-j2', '-l2'], 'cwd': '/home/zheka/Smart-Mobility-Engineering-Lab/ros2_ws/build/tutorial_interfaces', 'env': OrderedDict([('LESSOPEN', '| /usr/bin/lesspipe %s'), ('USER', 'zheka'), ('LC_TIME', 'ko_KR.UTF-8'), ('XDG_SESSION_TYPE', 'wayland'), ('SHLVL', '2'), ('LD_LIBRARY_PATH', '/opt/ros/humble/opt/rviz_ogre_vendor/lib:/opt/ros/humble/lib/aarch64-linux-gnu:/opt/ros/humble/lib'), ('HOME', '/home/zheka'), ('OLDPWD', '/home/zheka/Smart-Mobility-Engineering-Lab/ros2_ws/src/tutorial_interfaces'), ('DESKTOP_SESSION', 'ubuntu'), ('ROS_PYTHON_VERSION', '3'), ('GNOME_SHELL_SESSION_MODE', 'ubuntu'), ('GTK_MODULES', 'gail:atk-bridge'), ('LC_MONETARY', 'ko_KR.UTF-8'), ('SYSTEMD_EXEC_PID', '1022'), ('DBUS_SESSION_BUS_ADDRESS', 'unix:path=/run/user/1000/bus'), ('COLORTERM', 'truecolor'), ('_colcon_cd_root', '/opt/ros/humble/'), ('IM_CONFIG_PHASE', '1'), ('WAYLAND_DISPLAY', 'wayland-0'), ('ROS_DISTRO', 'humble'), ('LOGNAME', 'zheka'), ('_', '/usr/bin/colcon'), ('ROS_VERSION', '2'), ('XDG_SESSION_CLASS', 'user'), ('USERNAME', 'zheka'), ('TERM', 'xterm-256color'), ('GNOME_DESKTOP_SESSION_ID', 'this-is-deprecated'), ('ROS_LOCALHOST_ONLY', '0'), ('PATH', '/opt/ros/humble/bin:/usr/local/sbin:/usr/local/bin:/usr/sbin:/usr/bin:/sbin:/bin:/usr/games:/usr/local/games:/snap/bin:/snap/bin'), ('SESSION_MANAGER', 'local/zheka-virtual-machine:@/tmp/.ICE-unix/996,unix/zheka-virtual-machine:/tmp/.ICE-unix/996'), ('XDG_MENU_PREFIX', 'gnome-'), ('LC_ADDRESS', 'ko_KR.UTF-8'), ('GNOME_TERMINAL_SCREEN', '/org/gnome/Terminal/screen/3efd2f13_923b_4353_ad62_c32261135975'), ('GNOME_SETUP_DISPLAY', ':1'), ('XDG_RUNTIME_DIR', '/run/user/1000'), ('DISPLAY', ':0'), ('LANG', 'en_US.UTF-8'), ('XDG_CURRENT_DESKTOP', 'ubuntu:GNOME'), ('LC_TELEPHONE', 'ko_KR.UTF-8'), ('XMODIFIERS', '@im=ibus'), ('XDG_SESSION_DESKTOP', 'ubuntu'), ('XAUTHORITY', '/run/user/1000/.mutter-Xwaylandauth.5OBUC2'), ('LS_COLORS', 'rs=0:di=01;34:ln=01;36:mh=00:pi=40;33:so=01;35:do=01;35:bd=40;33;01:cd=40;33;01:or=40;31;01:mi=00:su=37;41:sg=30;43:ca=30;41:tw=30;42:ow=34;42:st=37;44:ex=01;32:*.tar=01;31:*.tgz=01;31:*.arc=01;31:*.arj=01;31:*.taz=01;31:*.lha=01;31:*.lz4=01;31:*.lzh=01;31:*.lzma=01;31:*.tlz=01;31:*.txz=01;31:*.tzo=01;31:*.t7z=01;31:*.zip=01;31:*.z=01;31:*.dz=01;31:*.gz=01;31:*.lrz=01;31:*.lz=01;31:*.lzo=01;31:*.xz=01;31:*.zst=01;31:*.tzst=01;31:*.bz2=01;31:*.bz=01;31:*.tbz=01;31:*.tbz2=01;31:*.tz=01;31:*.deb=01;31:*.rpm=01;31:*.jar=01;31:*.war=01;31:*.ear=01;31:*.sar=01;31:*.rar=01;31:*.alz=01;31:*.ace=01;31:*.zoo=01;31:*.cpio=01;31:*.7z=01;31:*.rz=01;31:*.cab=01;31:*.wim=01;31:*.swm=01;31:*.dwm=01;31:*.esd=01;31:*.jpg=01;35:*.jpeg=01;35:*.mjpg=01;35:*.mjpeg=01;35:*.gif=01;35:*.bmp=01;35:*.pbm=01;35:*.pgm=01;35:*.ppm=01;35:*.tga=01;35:*.xbm=01;35:*.xpm=01;35:*.tif=01;35:*.tiff=01;35:*.png=01;35:*.svg=01;35:*.svgz=01;35:*.mng=01;35:*.pcx=01;35:*.mov=01;35:*.mpg=01;35:*.mpeg=01;35:*.m2v=01;35:*.mkv=01;35:*.webm=01;35:*.webp=01;35:*.ogm=01;35:*.mp4=01;35:*.m4v=01;35:*.mp4v=01;35:*.vob=01;35:*.qt=01;35:*.nuv=01;35:*.wmv=01;35:*.asf=01;35:*.rm=01;35:*.rmvb=01;35:*.flc=01;35:*.avi=01;35:*.fli=01;35:*.flv=01;35:*.gl=01;35:*.dl=01;35:*.xcf=01;35:*.xwd=01;35:*.yuv=01;35:*.cgm=01;35:*.emf=01;35:*.ogv=01;35:*.ogx=01;35:*.aac=00;36:*.au=00;36:*.flac=00;36:*.m4a=00;36:*.mid=00;36:*.midi=00;36:*.mka=00;36:*.mp3=00;36:*.mpc=00;36:*.ogg=00;36:*.ra=00;36:*.wav=00;36:*.oga=00;36:*.opus=00;36:*.spx=00;36:*.xspf=00;36:'), ('GNOME_TERMINAL_SERVICE', ':1.109'), ('SSH_AGENT_LAUNCHER', 'gnome-keyring'), ('SSH_AUTH_SOCK', '/run/user/1000/keyring/ssh'), ('AMENT_PREFIX_PATH', '/opt/ros/humble'), ('SHELL', '/bin/bash'), ('LC_NAME', 'ko_KR.UTF-8'), ('QT_ACCESSIBILITY', '1'), ('GDMSESSION', 'ubuntu'), ('LESSCLOSE', '/usr/bin/lesspipe %s %s'), ('LC_MEASUREMENT', 'ko_KR.UTF-8'), ('LC_IDENTIFICATION', 'ko_KR.UTF-8'), ('QT_IM_MODULE', 'ibus'), ('PWD', '/home/zheka/Smart-Mobility-Engineering-Lab/ros2_ws/build/tutorial_interfaces'), ('XDG_CONFIG_DIRS', '/etc/xdg/xdg-ubuntu:/etc/xdg'), ('XDG_DATA_DIRS', '/usr/share/ubuntu:/usr/local/share/:/usr/share/:/var/lib/snapd/desktop'), ('PYTHONPATH', '/opt/ros/humble/lib/python3.10/site-packages:/opt/ros/humble/local/lib/python3.10/dist-packages'), ('LC_NUMERIC', 'ko_KR.UTF-8'), ('LC_PAPER', 'ko_KR.UTF-8'), ('COLCON', '1'), ('VTE_VERSION', '6800'), ('CMAKE_PREFIX_PATH', '/opt/ros/humble')]), 'shell': False}
[0.045291] (tutorial_interfaces) StdoutLine: {'line': b'-- Found ament_cmake: 1.3.5 (/opt/ros/humble/share/ament_cmake/cmake)\n'}
[0.099303] (-) TimerEvent: {}
[0.124622] (tutorial_interfaces) StdoutLine: {'line': b'-- Found ament_lint_auto: 0.12.8 (/opt/ros/humble/share/ament_lint_auto/cmake)\n'}
[0.165209] (tutorial_interfaces) StdoutLine: {'line': b'-- Found geometry_msgs: 4.2.3 (/opt/ros/humble/share/geometry_msgs/cmake)\n'}
[0.181820] (tutorial_interfaces) StdoutLine: {'line': b'-- Found rosidl_generator_c: 3.1.5 (/opt/ros/humble/share/rosidl_generator_c/cmake)\n'}
[0.183340] (tutorial_interfaces) StdoutLine: {'line': b'-- Found rosidl_adapter: 3.1.5 (/opt/ros/humble/share/rosidl_adapter/cmake)\n'}
[0.186972] (tutorial_interfaces) StdoutLine: {'line': b'-- Found rosidl_generator_cpp: 3.1.5 (/opt/ros/humble/share/rosidl_generator_cpp/cmake)\n'}
[0.193907] (tutorial_interfaces) StdoutLine: {'line': b'-- Using all available rosidl_typesupport_c: rosidl_typesupport_fastrtps_c;rosidl_typesupport_introspection_c\n'}
[0.199800] (-) TimerEvent: {}
[0.203809] (tutorial_interfaces) StdoutLine: {'line': b'-- Using all available rosidl_typesupport_cpp: rosidl_typesupport_fastrtps_cpp;rosidl_typesupport_introspection_cpp\n'}
[0.291584] (tutorial_interfaces) StdoutLine: {'line': b'-- Found rosidl_default_generators: 1.2.0 (/opt/ros/humble/share/rosidl_default_generators/cmake)\n'}
[0.300173] (-) TimerEvent: {}
[0.388519] (tutorial_interfaces) StderrLine: {'line': b'\x1b[31mCMake Error at /opt/ros/humble/share/rosidl_adapter/cmake/rosidl_adapt_interfaces.cmake:59 (message):\n'}
[0.388662] (tutorial_interfaces) StderrLine: {'line': b'  execute_process(/usr/bin/python3.10 -m rosidl_adapter --package-name\n'}
[0.388698] (tutorial_interfaces) StderrLine: {'line': b'  tutorial_interfaces --arguments-file\n'}
[0.388726] (tutorial_interfaces) StderrLine: {'line': b'  /home/zheka/Smart-Mobility-Engineering-Lab/ros2_ws/build/tutorial_interfaces/rosidl_adapter__arguments__tutorial_interfaces.json\n'}
[0.388754] (tutorial_interfaces) StderrLine: {'line': b'  --output-dir\n'}
[0.388780] (tutorial_interfaces) StderrLine: {'line': b'  /home/zheka/Smart-Mobility-Engineering-Lab/ros2_ws/build/tutorial_interfaces/rosidl_adapter/tutorial_interfaces\n'}
[0.388807] (tutorial_interfaces) StderrLine: {'line': b'  --output-file\n'}
[0.388833] (tutorial_interfaces) StderrLine: {'line': b'  /home/zheka/Smart-Mobility-Engineering-Lab/ros2_ws/build/tutorial_interfaces/rosidl_adapter/tutorial_interfaces.idls)\n'}
[0.388860] (tutorial_interfaces) StderrLine: {'line': b'  returned error code 1:\n'}
[0.388886] (tutorial_interfaces) StderrLine: {'line': b'\n'}
[0.388913] (tutorial_interfaces) StderrLine: {'line': b"  Error processing 'int64 numint64 num' of 'tutorial_interfaces/Num': 'value\n"}
[0.388941] (tutorial_interfaces) StderrLine: {'line': b"  'num' can not be converted to type 'int64': must be a valid integer value\n"}
[0.388972] (tutorial_interfaces) StderrLine: {'line': b"  >= -9223372036854775808 and <= 9223372036854775807'\n"}
[0.389000] (tutorial_interfaces) StderrLine: {'line': b'\n'}
[0.389029] (tutorial_interfaces) StderrLine: {'line': b'  Traceback (most recent call last):\n'}
[0.389056] (tutorial_interfaces) StderrLine: {'line': b'\n'}
[0.389083] (tutorial_interfaces) StderrLine: {'line': b'    File "/opt/ros/humble/local/lib/python3.10/dist-packages/rosidl_adapter/parser.py", line 752, in parse_primitive_value_string\n'}
[0.389110] (tutorial_interfaces) StderrLine: {'line': b'      value = int(value_string)\n'}
[0.389137] (tutorial_interfaces) StderrLine: {'line': b'\n'}
[0.389164] (tutorial_interfaces) StderrLine: {'line': b"  ValueError: invalid literal for int() with base 10: 'num'\n"}
[0.389191] (tutorial_interfaces) StderrLine: {'line': b'\n'}
[0.389218] (tutorial_interfaces) StderrLine: {'line': b'  \n'}
[0.389246] (tutorial_interfaces) StderrLine: {'line': b'\n'}
[0.389295] (tutorial_interfaces) StderrLine: {'line': b'  During handling of the above exception, another exception occurred:\n'}
[0.389322] (tutorial_interfaces) StderrLine: {'line': b'\n'}
[0.389347] (tutorial_interfaces) StderrLine: {'line': b'  \n'}
[0.389372] (tutorial_interfaces) StderrLine: {'line': b'\n'}
[0.389397] (tutorial_interfaces) StderrLine: {'line': b'  Traceback (most recent call last):\n'}
[0.389423] (tutorial_interfaces) StderrLine: {'line': b'\n'}
[0.389448] (tutorial_interfaces) StderrLine: {'line': b'    File "/opt/ros/humble/local/lib/python3.10/dist-packages/rosidl_adapter/parser.py", line 755, in parse_primitive_value_string\n'}
[0.389474] (tutorial_interfaces) StderrLine: {'line': b'      value = int(value_string, 0)\n'}
[0.389500] (tutorial_interfaces) StderrLine: {'line': b'\n'}
[0.389526] (tutorial_interfaces) StderrLine: {'line': b"  ValueError: invalid literal for int() with base 0: 'num'\n"}
[0.389552] (tutorial_interfaces) StderrLine: {'line': b'\n'}
[0.389577] (tutorial_interfaces) StderrLine: {'line': b'  \n'}
[0.389602] (tutorial_interfaces) StderrLine: {'line': b'\n'}
[0.389626] (tutorial_interfaces) StderrLine: {'line': b'  During handling of the above exception, another exception occurred:\n'}
[0.389651] (tutorial_interfaces) StderrLine: {'line': b'\n'}
[0.389676] (tutorial_interfaces) StderrLine: {'line': b'  \n'}
[0.389700] (tutorial_interfaces) StderrLine: {'line': b'\n'}
[0.389725] (tutorial_interfaces) StderrLine: {'line': b'  Traceback (most recent call last):\n'}
[0.389751] (tutorial_interfaces) StderrLine: {'line': b'\n'}
[0.389777] (tutorial_interfaces) StderrLine: {'line': b'    File "/usr/lib/python3.10/runpy.py", line 196, in _run_module_as_main\n'}
[0.389803] (tutorial_interfaces) StderrLine: {'line': b'      return _run_code(code, main_globals, None,\n'}
[0.389828] (tutorial_interfaces) StderrLine: {'line': b'    File "/usr/lib/python3.10/runpy.py", line 86, in _run_code\n'}
[0.389854] (tutorial_interfaces) StderrLine: {'line': b'      exec(code, run_globals)\n'}
[0.389879] (tutorial_interfaces) StderrLine: {'line': b'    File "/opt/ros/humble/local/lib/python3.10/dist-packages/rosidl_adapter/__main__.py", line 19, in <module>\n'}
[0.389905] (tutorial_interfaces) StderrLine: {'line': b'      sys.exit(main())\n'}
[0.389929] (tutorial_interfaces) StderrLine: {'line': b'    File "/opt/ros/humble/local/lib/python3.10/dist-packages/rosidl_adapter/main.py", line 53, in main\n'}
[0.389954] (tutorial_interfaces) StderrLine: {'line': b'      abs_idl_file = convert_to_idl(\n'}
[0.389978] (tutorial_interfaces) StderrLine: {'line': b'    File "/opt/ros/humble/local/lib/python3.10/dist-packages/rosidl_adapter/__init__.py", line 19, in convert_to_idl\n'}
[0.390003] (tutorial_interfaces) StderrLine: {'line': b'      return convert_msg_to_idl(\n'}
[0.390028] (tutorial_interfaces) StderrLine: {'line': b'    File "/opt/ros/humble/local/lib/python3.10/dist-packages/rosidl_adapter/msg/__init__.py", line 28, in convert_msg_to_idl\n'}
[0.390054] (tutorial_interfaces) StderrLine: {'line': b'      msg = parse_message_string(package_name, input_file.stem, content)\n'}
[0.390081] (tutorial_interfaces) StderrLine: {'line': b'    File "/opt/ros/humble/local/lib/python3.10/dist-packages/rosidl_adapter/parser.py", line 519, in parse_message_string\n'}
[0.390109] (tutorial_interfaces) StderrLine: {'line': b'      fields.append(Field(\n'}
[0.390134] (tutorial_interfaces) StderrLine: {'line': b'    File "/opt/ros/humble/local/lib/python3.10/dist-packages/rosidl_adapter/parser.py", line 361, in __init__\n'}
[0.390159] (tutorial_interfaces) StderrLine: {'line': b'      self.default_value = parse_value_string(\n'}
[0.390184] (tutorial_interfaces) StderrLine: {'line': b'    File "/opt/ros/humble/local/lib/python3.10/dist-packages/rosidl_adapter/parser.py", line 594, in parse_value_string\n'}
[0.390209] (tutorial_interfaces) StderrLine: {'line': b'      return parse_primitive_value_string(type_, value_string)\n'}
[0.390234] (tutorial_interfaces) StderrLine: {'line': b'    File "/opt/ros/humble/local/lib/python3.10/dist-packages/rosidl_adapter/parser.py", line 757, in parse_primitive_value_string\n'}
[0.390258] (tutorial_interfaces) StderrLine: {'line': b'      raise ex\n'}
[0.390284] (tutorial_interfaces) StderrLine: {'line': b'\n'}
[0.390310] (tutorial_interfaces) StderrLine: {'line': b"  rosidl_adapter.parser.InvalidValue: value 'num' can not be converted to\n"}
[0.390336] (tutorial_interfaces) StderrLine: {'line': b"  type 'int64': must be a valid integer value >= -9223372036854775808 and <=\n"}
[0.390363] (tutorial_interfaces) StderrLine: {'line': b'  9223372036854775807\n'}
[0.390389] (tutorial_interfaces) StderrLine: {'line': b'\n'}
[0.390415] (tutorial_interfaces) StderrLine: {'line': b'Call Stack (most recent call first):\n'}
[0.390441] (tutorial_interfaces) StderrLine: {'line': b'  /opt/ros/humble/share/rosidl_cmake/cmake/rosidl_generate_interfaces.cmake:130 (rosidl_adapt_interfaces)\n'}
[0.390469] (tutorial_interfaces) StderrLine: {'line': b'  CMakeLists.txt:29 (rosidl_generate_interfaces)\n'}
[0.390494] (tutorial_interfaces) StderrLine: {'line': b'\n'}
[0.390520] (tutorial_interfaces) StderrLine: {'line': b'\x1b[0m\n'}
[0.390567] (tutorial_interfaces) StdoutLine: {'line': b'-- Configuring incomplete, errors occurred!\n'}
[0.390602] (tutorial_interfaces) StdoutLine: {'line': b'See also "/home/zheka/Smart-Mobility-Engineering-Lab/ros2_ws/build/tutorial_interfaces/CMakeFiles/CMakeOutput.log".\n'}
[0.391978] (tutorial_interfaces) StderrLine: {'line': b'gmake: *** [Makefile:1179: cmake_check_build_system] Error 1\n'}
[0.393433] (tutorial_interfaces) CommandEnded: {'returncode': 2}
[0.400263] (-) TimerEvent: {}
[0.496463] (tutorial_interfaces) JobEnded: {'identifier': 'tutorial_interfaces', 'rc': 2}
[0.500305] (-) TimerEvent: {}
[0.507014] (-) EventReactorShutdown: {}
