[0.192s] Invoking command in '/home/zheka/Smart-Mobility-Engineering-Lab/ros2_ws/src/py_srvcli': AMENT_PREFIX_PATH=/home/zheka/Smart-Mobility-Engineering-Lab/ros2_ws/install/py_srvcli:/home/zheka/Smart-Mobility-Engineering-Lab/ros2_ws/install/tutorial_interfaces:${AMENT_PREFIX_PATH} CMAKE_PREFIX_PATH=/home/zheka/Smart-Mobility-Engineering-Lab/ros2_ws/install/tutorial_interfaces LD_LIBRARY_PATH=/home/zheka/Smart-Mobility-Engineering-Lab/ros2_ws/install/tutorial_interfaces/lib:${LD_LIBRARY_PATH} PYTEST_ADDOPTS=--tb=short --junit-xml=/home/zheka/Smart-Mobility-Engineering-Lab/ros2_ws/build/py_srvcli/pytest.xml --junit-prefix=py_srvcli -o cache_dir=/home/zheka/Smart-Mobility-Engineering-Lab/ros2_ws/build/py_srvcli/.pytest_cache PYTHONPATH=/home/zheka/Smart-Mobility-Engineering-Lab/ros2_ws/install/py_srvcli/lib/python3.10/site-packages:/home/zheka/Smart-Mobility-Engineering-Lab/ros2_ws/install/tutorial_interfaces/local/lib/python3.10/dist-packages:${PYTHONPATH} /usr/bin/python3 -m pytest
[0.324s] [1m============================= test session starts ==============================[0m
[0.324s] platform linux -- Python 3.10.12, pytest-6.2.5, py-1.10.0, pluggy-0.13.0
[0.326s] cachedir: /home/zheka/Smart-Mobility-Engineering-Lab/ros2_ws/build/py_srvcli/.pytest_cache
[0.326s] rootdir: /home/zheka/Smart-Mobility-Engineering-Lab/ros2_ws/src/py_srvcli
[0.326s] plugins: ament-lint-0.12.8, ament-copyright-0.12.8, ament-flake8-0.12.8, launch-testing-1.0.4, ament-pep257-0.12.8, ament-xmllint-0.12.8, launch-testing-ros-0.19.6, cov-3.0.0, colcon-core-0.15.0
[0.363s] [1mcollecting ... [0m[1m
[0.363s] collected 3 items                                                              [0m
[0.363s] 
[0.366s] test/test_copyright.py [33ms[0m[32m                                                 [ 33%][0m
[0.431s] test/test_flake8.py [31mF[0m[31m                                                    [ 66%][0m
[0.443s] test/test_pep257.py [31mF[0m[31m                                                    [100%][0m
[0.443s] 
[0.443s] =================================== FAILURES ===================================
[0.443s] [31m[1m_________________________________ test_flake8 __________________________________[0m
[0.443s] [1m[31mtest/test_flake8.py[0m:23: in test_flake8
[0.466s]     [94massert[39;49;00m rc == [94m0[39;49;00m, \
[0.466s] [1m[31mE   AssertionError: Found 12 code style errors / warnings:[0m
[0.466s] [1m[31mE     ./setup.py:22:5: W191 indentation contains tabs[0m
[0.466s] [1m[31mE     ./setup.py:22:5: E101 indentation contains mixed spaces and tabs[0m
[0.466s] [1m[31mE     ./setup.py:23:8: W191 indentation contains tabs[0m
[0.466s] [1m[31mE     ./setup.py:23:8: E101 indentation contains mixed spaces and tabs[0m
[0.466s] [1m[31mE     ./py_srvcli/client_member_function.py:81:100: E501 line too long (111 > 99 characters)[0m
[0.466s] [1m[31mE     ./py_srvcli/client_member_function.py:82:100: E501 line too long (111 > 99 characters)[0m
[0.466s] [1m[31mE     ./py_srvcli/service_member_function.py:35:100: E501 line too long (115 > 99 characters)[0m
[0.466s] [1m[31mE     ./py_srvcli/service_member_function.py:45:100: E501 line too long (115 > 99 characters)[0m
[0.466s] [1m[31mE     ./py_srvcli/service_member_function.py:48:100: E501 line too long (115 > 99 characters)[0m
[0.466s] [1m[31mE     ./py_srvcli/service_member_function.py:49:100: E501 line too long (115 > 99 characters)[0m
[0.466s] [1m[31mE     ./py_srvcli/service_member_function.py:53:1: E302 expected 2 blank lines, found 1[0m
[0.466s] [1m[31mE     ./py_srvcli/service_member_function.py:62:1: E305 expected 2 blank lines after class or function definition, found 1[0m
[0.466s] [1m[31mE   assert 1 == 0[0m
[0.466s] ----------------------------- Captured stdout call -----------------------------
[0.466s] 
[0.466s] ./setup.py:22:5: W191 indentation contains tabs
[0.466s]     	'console_scripts': [
[0.466s]     ^
[0.466s] 
[0.466s] ./setup.py:22:5: E101 indentation contains mixed spaces and tabs
[0.466s]     	'console_scripts': [
[0.466s]     ^
[0.466s] 
[0.466s] ./setup.py:23:8: W191 indentation contains tabs
[0.467s]        	     'service = py_srvcli.service_member_function:main',
[0.467s]        ^
[0.467s] 
[0.467s] ./setup.py:23:8: E101 indentation contains mixed spaces and tabs
[0.467s]        	     'service = py_srvcli.service_member_function:main',
[0.467s]        ^
[0.467s] 
[0.467s] ./py_srvcli/client_member_function.py:81:100: E501 line too long (111 > 99 characters)
[0.467s]                     'Result of add_three_ints: for %d + %d + %d = %d' %                                # CHANGE
[0.467s]                                                                                                    ^
[0.467s] 
[0.467s] ./py_srvcli/client_member_function.py:82:100: E501 line too long (111 > 99 characters)
[0.467s]                     (minimal_client.req.a, minimal_client.req.b, minimal_client.req.c, response.sum))  # CHANGE
[0.467s]                                                                                                    ^
[0.467s] 
[0.467s] ./py_srvcli/service_member_function.py:35:100: E501 line too long (115 > 99 characters)
[0.467s] from tutorial_interfaces.srv import AddThreeInts                                                           # CHANGE
[0.467s]                                                                                                    ^
[0.467s] 
[0.467s] ./py_srvcli/service_member_function.py:45:100: E501 line too long (115 > 99 characters)
[0.467s]         self.srv = self.create_service(AddThreeInts, 'add_three_ints', self.add_three_ints_callback)       # CHANGE
[0.467s]                                                                                                    ^
[0.467s] 
[0.467s] ./py_srvcli/service_member_function.py:48:100: E501 line too long (115 > 99 characters)
[0.467s]         response.sum = request.a + request.b + request.c                                                   # CHANGE
[0.467s]                                                                                                    ^
[0.467s] 
[0.467s] ./py_srvcli/service_member_function.py:49:100: E501 line too long (115 > 99 characters)
[0.468s]         self.get_logger().info('Incoming request\na: %d b: %d c: %d' % (request.a, request.b, request.c))  # CHANGE
[0.468s]                                                                                                    ^
[0.468s] 
[0.468s] ./py_srvcli/service_member_function.py:53:1: E302 expected 2 blank lines, found 1
[0.468s] def main(args=None):
[0.468s] ^
[0.468s] 
[0.468s] ./py_srvcli/service_member_function.py:62:1: E305 expected 2 blank lines after class or function definition, found 1
[0.468s] if __name__ == '__main__':
[0.468s] ^
[0.468s] 
[0.468s] 2     E101 indentation contains mixed spaces and tabs
[0.468s] 1     E302 expected 2 blank lines, found 1
[0.468s] 1     E305 expected 2 blank lines after class or function definition, found 1
[0.468s] 6     E501 line too long (111 > 99 characters)
[0.468s] 2     W191 indentation contains tabs
[0.468s] 
[0.468s] 7 files checked
[0.468s] 12 errors
[0.468s] 
[0.468s] 'E'-type errors: 10
[0.468s] 'W'-type errors: 2
[0.468s] 
[0.468s] Checked files:
[0.468s] 
[0.468s] * ./setup.py
[0.468s] * ./test/test_flake8.py
[0.468s] * ./test/test_copyright.py
[0.468s] * ./test/test_pep257.py
[0.468s] * ./py_srvcli/__init__.py
[0.468s] * ./py_srvcli/client_member_function.py
[0.468s] * ./py_srvcli/service_member_function.py
[0.468s] ----------------------------- Captured stderr call -----------------------------
[0.469s] option --max-complexity: please update from optparse string `type=` to argparse callable `type=` -- this will be an error in the future
[0.469s] [31m[1m_________________________________ test_pep257 __________________________________[0m
[0.469s] [1m[31mtest/test_pep257.py[0m:23: in test_pep257
[0.469s]     [94massert[39;49;00m rc == [94m0[39;49;00m, [33m'[39;49;00m[33mFound code style errors / warnings[39;49;00m[33m'[39;49;00m
[0.469s] [1m[31mE   AssertionError: Found code style errors / warnings[0m
[0.469s] [1m[31mE   assert 1 == 0[0m
[0.469s] ----------------------------- Captured stdout call -----------------------------
[0.469s] checking ./py_srvcli/__init__.py
[0.469s] checking ./py_srvcli/client_member_function.py
[0.469s] ./py_srvcli/client_member_function.py:1 at module level: D400: First line should end with a period (not 's')
[0.469s] ./py_srvcli/client_member_function.py:1 at module level: D415: First line should end with a period, question mark, or exclamation point (not 's')
[0.469s] checking ./py_srvcli/service_member_function.py
[0.469s] ./py_srvcli/service_member_function.py:1 at module level: D301: Use r""" if any backslashes in a docstring
[0.469s] ./py_srvcli/service_member_function.py:1 at module level: D400: First line should end with a period (not 's')
[0.469s] ./py_srvcli/service_member_function.py:1 at module level: D415: First line should end with a period, question mark, or exclamation point (not 's')
[0.469s] checking ./setup.py
[0.469s] checking ./test/test_copyright.py
[0.469s] checking ./test/test_flake8.py
[0.469s] checking ./test/test_pep257.py
[0.469s] checking test/test_copyright.py
[0.469s] checking test/test_flake8.py
[0.469s] checking test/test_pep257.py
[0.469s] 5 errors
[0.469s] [33m=============================== warnings summary ===============================[0m
[0.469s] test/test_flake8.py::test_flake8
[0.469s] test/test_flake8.py::test_flake8
[0.469s]   Warning: SelectableGroups dict interface is deprecated. Use select.
[0.469s] 
[0.469s] -- Docs: https://docs.pytest.org/en/stable/warnings.html
[0.469s] - generated xml file: /home/zheka/Smart-Mobility-Engineering-Lab/ros2_ws/build/py_srvcli/pytest.xml -
[0.469s] =========================== short test summary info ============================
[0.469s] FAILED test/test_flake8.py::test_flake8 - AssertionError: Found 12 code style...
[0.469s] FAILED test/test_pep257.py::test_pep257 - AssertionError: Found code style er...
[0.470s] [31m=================== [31m[1m2 failed[0m, [33m1 skipped[0m, [33m2 warnings[0m[31m in 0.14s[0m[31m ===================[0m
[0.523s] Invoked command in '/home/zheka/Smart-Mobility-Engineering-Lab/ros2_ws/src/py_srvcli' returned '1': AMENT_PREFIX_PATH=/home/zheka/Smart-Mobility-Engineering-Lab/ros2_ws/install/py_srvcli:/home/zheka/Smart-Mobility-Engineering-Lab/ros2_ws/install/tutorial_interfaces:${AMENT_PREFIX_PATH} CMAKE_PREFIX_PATH=/home/zheka/Smart-Mobility-Engineering-Lab/ros2_ws/install/tutorial_interfaces LD_LIBRARY_PATH=/home/zheka/Smart-Mobility-Engineering-Lab/ros2_ws/install/tutorial_interfaces/lib:${LD_LIBRARY_PATH} PYTEST_ADDOPTS=--tb=short --junit-xml=/home/zheka/Smart-Mobility-Engineering-Lab/ros2_ws/build/py_srvcli/pytest.xml --junit-prefix=py_srvcli -o cache_dir=/home/zheka/Smart-Mobility-Engineering-Lab/ros2_ws/build/py_srvcli/.pytest_cache PYTHONPATH=/home/zheka/Smart-Mobility-Engineering-Lab/ros2_ws/install/py_srvcli/lib/python3.10/site-packages:/home/zheka/Smart-Mobility-Engineering-Lab/ros2_ws/install/tutorial_interfaces/local/lib/python3.10/dist-packages:${PYTHONPATH} /usr/bin/python3 -m pytest
