[0.022s] Invoking command in '/home/zheka/Smart-Mobility-Engineering-Lab/ros2_ws/build/tutorial_interfaces': CMAKE_PREFIX_PATH=${CMAKE_PREFIX_PATH}:/opt/ros/humble /usr/bin/cmake --build /home/zheka/Smart-Mobility-Engineering-Lab/ros2_ws/build/tutorial_interfaces -- -j2 -l2
[0.041s] -- Found ament_cmake: 1.3.5 (/opt/ros/humble/share/ament_cmake/cmake)
[0.121s] -- Found ament_lint_auto: 0.12.8 (/opt/ros/humble/share/ament_lint_auto/cmake)
[0.157s] -- Found geometry_msgs: 4.2.3 (/opt/ros/humble/share/geometry_msgs/cmake)
[0.172s] -- Found rosidl_generator_c: 3.1.5 (/opt/ros/humble/share/rosidl_generator_c/cmake)
[0.174s] -- Found rosidl_adapter: 3.1.5 (/opt/ros/humble/share/rosidl_adapter/cmake)
[0.178s] -- Found rosidl_generator_cpp: 3.1.5 (/opt/ros/humble/share/rosidl_generator_cpp/cmake)
[0.185s] -- Using all available rosidl_typesupport_c: rosidl_typesupport_fastrtps_c;rosidl_typesupport_introspection_c
[0.194s] -- Using all available rosidl_typesupport_cpp: rosidl_typesupport_fastrtps_cpp;rosidl_typesupport_introspection_cpp
[0.279s] -- Found rosidl_default_generators: 1.2.0 (/opt/ros/humble/share/rosidl_default_generators/cmake)
[0.375s] [31mCMake Error at /opt/ros/humble/share/rosidl_adapter/cmake/rosidl_adapt_interfaces.cmake:59 (message):
[0.375s]   execute_process(/usr/bin/python3.10 -m rosidl_adapter --package-name
[0.375s]   tutorial_interfaces --arguments-file
[0.375s]   /home/zheka/Smart-Mobility-Engineering-Lab/ros2_ws/build/tutorial_interfaces/rosidl_adapter__arguments__tutorial_interfaces.json
[0.375s]   --output-dir
[0.375s]   /home/zheka/Smart-Mobility-Engineering-Lab/ros2_ws/build/tutorial_interfaces/rosidl_adapter/tutorial_interfaces
[0.375s]   --output-file
[0.375s]   /home/zheka/Smart-Mobility-Engineering-Lab/ros2_ws/build/tutorial_interfaces/rosidl_adapter/tutorial_interfaces.idls)
[0.375s]   returned error code 1:
[0.375s] 
[0.375s]   Error processing 'loat64 radius' of 'tutorial_interfaces/Sphere': ''loat64'
[0.375s]   is an invalid message name.  It should have the pattern
[0.375s]   '^[A-Z][A-Za-z0-9]*$''
[0.376s] 
[0.376s]   Traceback (most recent call last):
[0.376s] 
[0.376s]     File "/usr/lib/python3.10/runpy.py", line 196, in _run_module_as_main
[0.376s]       return _run_code(code, main_globals, None,
[0.376s]     File "/usr/lib/python3.10/runpy.py", line 86, in _run_code
[0.376s]       exec(code, run_globals)
[0.376s]     File "/opt/ros/humble/local/lib/python3.10/dist-packages/rosidl_adapter/__main__.py", line 19, in <module>
[0.376s]       sys.exit(main())
[0.376s]     File "/opt/ros/humble/local/lib/python3.10/dist-packages/rosidl_adapter/main.py", line 53, in main
[0.376s]       abs_idl_file = convert_to_idl(
[0.376s]     File "/opt/ros/humble/local/lib/python3.10/dist-packages/rosidl_adapter/__init__.py", line 19, in convert_to_idl
[0.376s]       return convert_msg_to_idl(
[0.376s]     File "/opt/ros/humble/local/lib/python3.10/dist-packages/rosidl_adapter/msg/__init__.py", line 28, in convert_msg_to_idl
[0.376s]       msg = parse_message_string(package_name, input_file.stem, content)
[0.376s]     File "/opt/ros/humble/local/lib/python3.10/dist-packages/rosidl_adapter/parser.py", line 520, in parse_message_string
[0.376s]       Type(type_string, context_package_name=pkg_name),
[0.376s]     File "/opt/ros/humble/local/lib/python3.10/dist-packages/rosidl_adapter/parser.py", line 277, in __init__
[0.376s]       super(Type, self).__init__(
[0.376s]     File "/opt/ros/humble/local/lib/python3.10/dist-packages/rosidl_adapter/parser.py", line 205, in __init__
[0.376s]       raise InvalidResourceName(
[0.376s] 
[0.376s]   rosidl_adapter.parser.InvalidResourceName: 'loat64' is an invalid message
[0.376s]   name.  It should have the pattern '^[A-Z][A-Za-z0-9]*$'
[0.376s] 
[0.376s] Call Stack (most recent call first):
[0.376s]   /opt/ros/humble/share/rosidl_cmake/cmake/rosidl_generate_interfaces.cmake:130 (rosidl_adapt_interfaces)
[0.376s]   CMakeLists.txt:29 (rosidl_generate_interfaces)
[0.376s] 
[0.376s] [0m
[0.376s] -- Configuring incomplete, errors occurred!
[0.376s] See also "/home/zheka/Smart-Mobility-Engineering-Lab/ros2_ws/build/tutorial_interfaces/CMakeFiles/CMakeOutput.log".
[0.378s] gmake: *** [Makefile:1179: cmake_check_build_system] Error 1
[0.380s] Invoked command in '/home/zheka/Smart-Mobility-Engineering-Lab/ros2_ws/build/tutorial_interfaces' returned '2': CMAKE_PREFIX_PATH=${CMAKE_PREFIX_PATH}:/opt/ros/humble /usr/bin/cmake --build /home/zheka/Smart-Mobility-Engineering-Lab/ros2_ws/build/tutorial_interfaces -- -j2 -l2
