[0.023s] Invoking command in '/home/zheka/Smart-Mobility-Engineering-Lab/ros2_ws/build/tutorial_interfaces': CMAKE_PREFIX_PATH=${CMAKE_PREFIX_PATH}:/opt/ros/humble /usr/bin/cmake --build /home/zheka/Smart-Mobility-Engineering-Lab/ros2_ws/build/tutorial_interfaces -- -j2 -l2
[0.047s] -- Found ament_cmake: 1.3.5 (/opt/ros/humble/share/ament_cmake/cmake)
[0.128s] -- Found ament_lint_auto: 0.12.8 (/opt/ros/humble/share/ament_lint_auto/cmake)
[0.164s] -- Found geometry_msgs: 4.2.3 (/opt/ros/humble/share/geometry_msgs/cmake)
[0.180s] -- Found rosidl_generator_c: 3.1.5 (/opt/ros/humble/share/rosidl_generator_c/cmake)
[0.181s] -- Found rosidl_adapter: 3.1.5 (/opt/ros/humble/share/rosidl_adapter/cmake)
[0.185s] -- Found rosidl_generator_cpp: 3.1.5 (/opt/ros/humble/share/rosidl_generator_cpp/cmake)
[0.192s] -- Using all available rosidl_typesupport_c: rosidl_typesupport_fastrtps_c;rosidl_typesupport_introspection_c
[0.202s] -- Using all available rosidl_typesupport_cpp: rosidl_typesupport_fastrtps_cpp;rosidl_typesupport_introspection_cpp
[0.287s] -- Found rosidl_default_generators: 1.2.0 (/opt/ros/humble/share/rosidl_default_generators/cmake)
[0.382s] [31mCMake Error at /opt/ros/humble/share/rosidl_adapter/cmake/rosidl_adapt_interfaces.cmake:59 (message):
[0.382s]   execute_process(/usr/bin/python3.10 -m rosidl_adapter --package-name
[0.382s]   tutorial_interfaces --arguments-file
[0.382s]   /home/zheka/Smart-Mobility-Engineering-Lab/ros2_ws/build/tutorial_interfaces/rosidl_adapter__arguments__tutorial_interfaces.json
[0.382s]   --output-dir
[0.382s]   /home/zheka/Smart-Mobility-Engineering-Lab/ros2_ws/build/tutorial_interfaces/rosidl_adapter/tutorial_interfaces
[0.382s]   --output-file
[0.382s]   /home/zheka/Smart-Mobility-Engineering-Lab/ros2_ws/build/tutorial_interfaces/rosidl_adapter/tutorial_interfaces.idls)
[0.382s]   returned error code 1:
[0.382s] 
[0.382s]   Error processing 'geometry_msgs/Point center\float64 radius' of
[0.382s]   'tutorial_interfaces/Sphere': ''center\float64' is an invalid field name.
[0.382s]   It should have the pattern '^(?!.*__)(?!.*_$)[a-z][a-z0-9_]*$''
[0.382s] 
[0.382s]   Traceback (most recent call last):
[0.382s] 
[0.382s]     File "/usr/lib/python3.10/runpy.py", line 196, in _run_module_as_main
[0.383s]       return _run_code(code, main_globals, None,
[0.383s]     File "/usr/lib/python3.10/runpy.py", line 86, in _run_code
[0.383s]       exec(code, run_globals)
[0.383s]     File "/opt/ros/humble/local/lib/python3.10/dist-packages/rosidl_adapter/__main__.py", line 19, in <module>
[0.383s]       sys.exit(main())
[0.383s]     File "/opt/ros/humble/local/lib/python3.10/dist-packages/rosidl_adapter/main.py", line 53, in main
[0.383s]       abs_idl_file = convert_to_idl(
[0.383s]     File "/opt/ros/humble/local/lib/python3.10/dist-packages/rosidl_adapter/__init__.py", line 19, in convert_to_idl
[0.383s]       return convert_msg_to_idl(
[0.383s]     File "/opt/ros/humble/local/lib/python3.10/dist-packages/rosidl_adapter/msg/__init__.py", line 28, in convert_msg_to_idl
[0.383s]       msg = parse_message_string(package_name, input_file.stem, content)
[0.383s]     File "/opt/ros/humble/local/lib/python3.10/dist-packages/rosidl_adapter/parser.py", line 519, in parse_message_string
[0.383s]       fields.append(Field(
[0.383s]     File "/opt/ros/humble/local/lib/python3.10/dist-packages/rosidl_adapter/parser.py", line 354, in __init__
[0.383s]       raise NameError(
[0.383s] 
[0.383s]   NameError: 'center\float64' is an invalid field name.  It should have the
[0.383s]   pattern '^(?!.*__)(?!.*_$)[a-z][a-z0-9_]*$'
[0.383s] 
[0.383s] Call Stack (most recent call first):
[0.383s]   /opt/ros/humble/share/rosidl_cmake/cmake/rosidl_generate_interfaces.cmake:130 (rosidl_adapt_interfaces)
[0.383s]   CMakeLists.txt:29 (rosidl_generate_interfaces)
[0.383s] 
[0.383s] [0m
[0.383s] -- Configuring incomplete, errors occurred!
[0.383s] See also "/home/zheka/Smart-Mobility-Engineering-Lab/ros2_ws/build/tutorial_interfaces/CMakeFiles/CMakeOutput.log".
[0.385s] gmake: *** [Makefile:1179: cmake_check_build_system] Error 1
[0.387s] Invoked command in '/home/zheka/Smart-Mobility-Engineering-Lab/ros2_ws/build/tutorial_interfaces' returned '2': CMAKE_PREFIX_PATH=${CMAKE_PREFIX_PATH}:/opt/ros/humble /usr/bin/cmake --build /home/zheka/Smart-Mobility-Engineering-Lab/ros2_ws/build/tutorial_interfaces -- -j2 -l2
