Start testing: Oct 19 22:48 KST
----------------------------------------------------------
Failed to change working directory to /home/zheka/Smart-Mobility-Engineering-Lab/ros2_ws/action_tutorials_interfaces : No such file or directory
1/2 Testing: lint_cmake
1/2 Test: lint_cmake
Command: ""
Directory: /home/zheka/Smart-Mobility-Engineering-Lab/ros2_ws/action_tutorials_interfaces
"lint_cmake" start time: 
Output:
----------------------------------------------------------
<end of output>
Test time =   0.00 sec
----------------------------------------------------------
Test Passed.
"lint_cmake" end time: Oct 19 22:48 KST
"lint_cmake" time elapsed: 00:00:00
----------------------------------------------------------

Failed to change working directory to /home/zheka/Smart-Mobility-Engineering-Lab/ros2_ws/action_tutorials_interfaces : No such file or directory
2/2 Testing: xmllint
2/2 Test: xmllint
Command: ""
Directory: /home/zheka/Smart-Mobility-Engineering-Lab/ros2_ws/action_tutorials_interfaces
"xmllint" start time: 
Output:
----------------------------------------------------------
<end of output>
Test time =   0.00 sec
----------------------------------------------------------
Test Passed.
"xmllint" end time: Oct 19 22:48 KST
"xmllint" time elapsed: 00:00:00
----------------------------------------------------------

End testing: Oct 19 22:48 KST

lint_cmake =   0.00 sec*proc

linter =   0.00 sec*proc

xmllint =   0.00 sec*proc

