Start testing: Oct 19 22:48 KST
----------------------------------------------------------
1/2 Testing: lint_cmake
1/2 Test: lint_cmake
Command: "/usr/bin/python3.10" "-u" "/opt/ros/humble/share/ament_cmake_test/cmake/run_test.py" "/home/zheka/Smart-Mobility-Engineering-Lab/ros2_ws/build/tutorial_interfaces/test_results/tutorial_interfaces/lint_cmake.xunit.xml" "--package-name" "tutorial_interfaces" "--output-file" "/home/zheka/Smart-Mobility-Engineering-Lab/ros2_ws/build/tutorial_interfaces/ament_lint_cmake/lint_cmake.txt" "--command" "/opt/ros/humble/bin/ament_lint_cmake" "--xunit-file" "/home/zheka/Smart-Mobility-Engineering-Lab/ros2_ws/build/tutorial_interfaces/test_results/tutorial_interfaces/lint_cmake.xunit.xml"
Directory: /home/zheka/Smart-Mobility-Engineering-Lab/ros2_ws/src/tutorial_interfaces
"lint_cmake" start time: Oct 19 22:48 KST
Output:
----------------------------------------------------------
-- run_test.py: invoking following command in '/home/zheka/Smart-Mobility-Engineering-Lab/ros2_ws/src/tutorial_interfaces':
 - /opt/ros/humble/bin/ament_lint_cmake --xunit-file /home/zheka/Smart-Mobility-Engineering-Lab/ros2_ws/build/tutorial_interfaces/test_results/tutorial_interfaces/lint_cmake.xunit.xml

No problems found
-- run_test.py: return code 0
-- run_test.py: verify result file '/home/zheka/Smart-Mobility-Engineering-Lab/ros2_ws/build/tutorial_interfaces/test_results/tutorial_interfaces/lint_cmake.xunit.xml'
<end of output>
Test time =   0.10 sec
----------------------------------------------------------
Test Passed.
"lint_cmake" end time: Oct 19 22:48 KST
"lint_cmake" time elapsed: 00:00:00
----------------------------------------------------------

2/2 Testing: xmllint
2/2 Test: xmllint
Command: "/usr/bin/python3.10" "-u" "/opt/ros/humble/share/ament_cmake_test/cmake/run_test.py" "/home/zheka/Smart-Mobility-Engineering-Lab/ros2_ws/build/tutorial_interfaces/test_results/tutorial_interfaces/xmllint.xunit.xml" "--package-name" "tutorial_interfaces" "--output-file" "/home/zheka/Smart-Mobility-Engineering-Lab/ros2_ws/build/tutorial_interfaces/ament_xmllint/xmllint.txt" "--command" "/opt/ros/humble/bin/ament_xmllint" "--xunit-file" "/home/zheka/Smart-Mobility-Engineering-Lab/ros2_ws/build/tutorial_interfaces/test_results/tutorial_interfaces/xmllint.xunit.xml"
Directory: /home/zheka/Smart-Mobility-Engineering-Lab/ros2_ws/src/tutorial_interfaces
"xmllint" start time: Oct 19 22:48 KST
Output:
----------------------------------------------------------
-- run_test.py: invoking following command in '/home/zheka/Smart-Mobility-Engineering-Lab/ros2_ws/src/tutorial_interfaces':
 - /opt/ros/humble/bin/ament_xmllint --xunit-file /home/zheka/Smart-Mobility-Engineering-Lab/ros2_ws/build/tutorial_interfaces/test_results/tutorial_interfaces/xmllint.xunit.xml
File 'package.xml' is invalid:
/home/zheka/Smart-Mobility-Engineering-Lab/ros2_ws/src/tutorial_interfaces/package.xml:19: element depend: Schemas validity error : Element 'depend': This element is not expected.
/home/zheka/Smart-Mobility-Engineering-Lab/ros2_ws/src/tutorial_interfaces/package.xml fails to validate

1 files are invalid
-- run_test.py: return code 1
-- run_test.py: verify result file '/home/zheka/Smart-Mobility-Engineering-Lab/ros2_ws/build/tutorial_interfaces/test_results/tutorial_interfaces/xmllint.xunit.xml'
<end of output>
Test time =   1.44 sec
----------------------------------------------------------
Test Failed.
"xmllint" end time: Oct 19 22:48 KST
"xmllint" time elapsed: 00:00:01
----------------------------------------------------------

End testing: Oct 19 22:48 KST

lint_cmake =   0.10 sec*proc

linter =   1.53 sec*proc

xmllint =   1.44 sec*proc

