<?xml version="1.0" encoding="utf-8"?><testsuites><testsuite name="pytest" errors="0" failures="2" skipped="1" tests="3" time="0.131" timestamp="2023-10-19T22:48:19.827344" hostname="zheka-virtual-machine"><testcase classname="py_pubsub.test.test_copyright" name="test_copyright" time="0.000"><skipped type="pytest.skip" message="No copyright header has been placed in the generated source file.">/home/zheka/Smart-Mobility-Engineering-Lab/ros2_ws/src/py_pubsub/test/test_copyright.py:20: No copyright header has been placed in the generated source file.</skipped></testcase><testcase classname="py_pubsub.test.test_flake8" name="test_flake8" time="0.062"><failure message="AssertionError: Found 1 code style errors / warnings:&#10;  ./py_pubsub/subscriber_member_function.py:72:13: E117 over-indented&#10;assert 1 == 0">test/test_flake8.py:23: in test_flake8
    assert rc == 0, \
E   AssertionError: Found 1 code style errors / warnings:
E     ./py_pubsub/subscriber_member_function.py:72:13: E117 over-indented
E   assert 1 == 0</failure></testcase><testcase classname="py_pubsub.test.test_pep257" name="test_pep257" time="0.010"><failure message="AssertionError: Found code style errors / warnings&#10;assert 1 == 0">test/test_pep257.py:23: in test_pep257
    assert rc == 0, 'Found code style errors / warnings'
E   AssertionError: Found code style errors / warnings
E   assert 1 == 0</failure></testcase></testsuite></testsuites>