[0.198s] Invoking command in '/home/zheka/Smart-Mobility-Engineering-Lab/ros2_ws/src/python_parameters': AMENT_PREFIX_PATH=/home/zheka/Smart-Mobility-Engineering-Lab/ros2_ws/install/python_parameters:${AMENT_PREFIX_PATH} PYTEST_ADDOPTS=--tb=short --junit-xml=/home/zheka/Smart-Mobility-Engineering-Lab/ros2_ws/build/python_parameters/pytest.xml --junit-prefix=python_parameters -o cache_dir=/home/zheka/Smart-Mobility-Engineering-Lab/ros2_ws/build/python_parameters/.pytest_cache PYTHONPATH=/home/zheka/Smart-Mobility-Engineering-Lab/ros2_ws/install/python_parameters/lib/python3.10/site-packages:${PYTHONPATH} /usr/bin/python3 -m pytest
[0.403s] [1m============================= test session starts ==============================[0m
[0.403s] platform linux -- Python 3.10.12, pytest-6.2.5, py-1.10.0, pluggy-0.13.0
[0.405s] cachedir: /home/zheka/Smart-Mobility-Engineering-Lab/ros2_ws/build/python_parameters/.pytest_cache
[0.405s] rootdir: /home/zheka/Smart-Mobility-Engineering-Lab/ros2_ws/src/python_parameters
[0.405s] plugins: ament-lint-0.12.8, ament-copyright-0.12.8, ament-flake8-0.12.8, launch-testing-1.0.4, ament-pep257-0.12.8, ament-xmllint-0.12.8, launch-testing-ros-0.19.6, cov-3.0.0, colcon-core-0.15.0
[0.459s] [1mcollecting ... [0m[1m
[0.459s] collected 3 items                                                              [0m
[0.459s] 
[0.463s] test/test_copyright.py [33ms[0m[32m                                                 [ 33%][0m
[0.541s] test/test_flake8.py [31mF[0m[31m                                                    [ 66%][0m
[0.552s] test/test_pep257.py [32m.[0m[31m                                                    [100%][0m
[0.552s] 
[0.552s] =================================== FAILURES ===================================
[0.552s] [31m[1m_________________________________ test_flake8 __________________________________[0m
[0.552s] [1m[31mtest/test_flake8.py[0m:23: in test_flake8
[0.579s]     [94massert[39;49;00m rc == [94m0[39;49;00m, \
[0.579s] [1m[31mE   AssertionError: Found 8 code style errors / warnings:[0m
[0.580s] [1m[31mE     ./setup.py:15:1: W191 indentation contains tabs[0m
[0.580s] [1m[31mE     ./setup.py:15:1: E101 indentation contains mixed spaces and tabs[0m
[0.580s] [1m[31mE     ./setup.py:26:1: W191 indentation contains tabs[0m
[0.580s] [1m[31mE     ./setup.py:26:1: E101 indentation contains mixed spaces and tabs[0m
[0.580s] [1m[31mE     ./launch/python_parameters_launch.py:4:1: E302 expected 2 blank lines, found 1[0m
[0.580s] [1m[31mE     ./python_parameters/python_parameters_node.py:4:1: E302 expected 2 blank lines, found 1[0m
[0.580s] [1m[31mE     ./python_parameters/python_parameters_node.py:25:1: E302 expected 2 blank lines, found 1[0m
[0.580s] [1m[31mE     ./python_parameters/python_parameters_node.py:30:1: E305 expected 2 blank lines after class or function definition, found 1[0m
[0.580s] [1m[31mE   assert 1 == 0[0m
[0.580s] ----------------------------- Captured stdout call -----------------------------
[0.580s] 
[0.580s] ./setup.py:15:1: W191 indentation contains tabs
[0.580s] 	(os.path.join('share', package_name), glob('launch/*launch.[pxy][yma]*')),
[0.580s] ^
[0.580s] 
[0.580s] ./setup.py:15:1: E101 indentation contains mixed spaces and tabs
[0.580s] 	(os.path.join('share', package_name), glob('launch/*launch.[pxy][yma]*')),
[0.580s] ^
[0.580s] 
[0.580s] ./setup.py:26:1: W191 indentation contains tabs
[0.580s] 	    'minimal_param_node = python_parameters.python_parameters_node:main',
[0.581s] ^
[0.581s] 
[0.581s] ./setup.py:26:1: E101 indentation contains mixed spaces and tabs
[0.581s] 	    'minimal_param_node = python_parameters.python_parameters_node:main',
[0.581s] ^
[0.581s] 
[0.581s] ./launch/python_parameters_launch.py:4:1: E302 expected 2 blank lines, found 1
[0.581s] def generate_launch_description():
[0.581s] ^
[0.581s] 
[0.581s] ./python_parameters/python_parameters_node.py:4:1: E302 expected 2 blank lines, found 1
[0.581s] class MinimalParam(rclpy.node.Node):
[0.581s] ^
[0.581s] 
[0.581s] ./python_parameters/python_parameters_node.py:25:1: E302 expected 2 blank lines, found 1
[0.581s] def main():
[0.581s] ^
[0.581s] 
[0.581s] ./python_parameters/python_parameters_node.py:30:1: E305 expected 2 blank lines after class or function definition, found 1
[0.581s] if __name__ == '__main__':
[0.581s] ^
[0.581s] 
[0.581s] 2     E101 indentation contains mixed spaces and tabs
[0.581s] 3     E302 expected 2 blank lines, found 1
[0.582s] 1     E305 expected 2 blank lines after class or function definition, found 1
[0.582s] 2     W191 indentation contains tabs
[0.582s] 
[0.582s] 7 files checked
[0.582s] 8 errors
[0.582s] 
[0.582s] 'E'-type errors: 6
[0.582s] 'W'-type errors: 2
[0.582s] 
[0.582s] Checked files:
[0.582s] 
[0.582s] * ./setup.py
[0.582s] * ./test/test_flake8.py
[0.582s] * ./test/test_copyright.py
[0.582s] * ./test/test_pep257.py
[0.582s] * ./launch/python_parameters_launch.py
[0.582s] * ./python_parameters/__init__.py
[0.582s] * ./python_parameters/python_parameters_node.py
[0.582s] ----------------------------- Captured stderr call -----------------------------
[0.582s] option --max-complexity: please update from optparse string `type=` to argparse callable `type=` -- this will be an error in the future
[0.583s] [33m=============================== warnings summary ===============================[0m
[0.583s] test/test_flake8.py::test_flake8
[0.583s] test/test_flake8.py::test_flake8
[0.583s]   Warning: SelectableGroups dict interface is deprecated. Use select.
[0.583s] 
[0.583s] -- Docs: https://docs.pytest.org/en/stable/warnings.html
[0.583s] - generated xml file: /home/zheka/Smart-Mobility-Engineering-Lab/ros2_ws/build/python_parameters/pytest.xml -
[0.583s] =========================== short test summary info ============================
[0.583s] FAILED test/test_flake8.py::test_flake8 - AssertionError: Found 8 code style ...
[0.583s] [31m============== [31m[1m1 failed[0m, [32m1 passed[0m, [33m1 skipped[0m, [33m2 warnings[0m[31m in 0.18s[0m[31m ==============[0m
[0.624s] Invoked command in '/home/zheka/Smart-Mobility-Engineering-Lab/ros2_ws/src/python_parameters' returned '1': AMENT_PREFIX_PATH=/home/zheka/Smart-Mobility-Engineering-Lab/ros2_ws/install/python_parameters:${AMENT_PREFIX_PATH} PYTEST_ADDOPTS=--tb=short --junit-xml=/home/zheka/Smart-Mobility-Engineering-Lab/ros2_ws/build/python_parameters/pytest.xml --junit-prefix=python_parameters -o cache_dir=/home/zheka/Smart-Mobility-Engineering-Lab/ros2_ws/build/python_parameters/.pytest_cache PYTHONPATH=/home/zheka/Smart-Mobility-Engineering-Lab/ros2_ws/install/python_parameters/lib/python3.10/site-packages:${PYTHONPATH} /usr/bin/python3 -m pytest
