[1m============================= test session starts ==============================[0m
platform linux -- Python 3.10.12, pytest-6.2.5, py-1.10.0, pluggy-0.13.0
cachedir: /home/zheka/Smart-Mobility-Engineering-Lab/ros2_ws/build/py_pubsub/.pytest_cache
rootdir: /home/zheka/Smart-Mobility-Engineering-Lab/ros2_ws/src/py_pubsub
plugins: ament-lint-0.12.8, ament-copyright-0.12.8, ament-flake8-0.12.8, launch-testing-1.0.4, ament-pep257-0.12.8, ament-xmllint-0.12.8, launch-testing-ros-0.19.6, cov-3.0.0, colcon-core-0.15.0
[1mcollecting ... [0m[1m
collected 3 items                                                              [0m

test/test_copyright.py [33ms[0m[32m                                                 [ 33%][0m
test/test_flake8.py [31mF[0m[31m                                                    [ 66%][0m
test/test_pep257.py [31mF[0m[31m                                                    [100%][0m

=================================== FAILURES ===================================
[31m[1m_________________________________ test_flake8 __________________________________[0m
[1m[31mtest/test_flake8.py[0m:23: in test_flake8
    [94massert[39;49;00m rc == [94m0[39;49;00m, \
[1m[31mE   AssertionError: Found 1 code style errors / warnings:[0m
[1m[31mE     ./py_pubsub/subscriber_member_function.py:72:13: E117 over-indented[0m
[1m[31mE   assert 1 == 0[0m
----------------------------- Captured stdout call -----------------------------

./py_pubsub/subscriber_member_function.py:72:13: E117 over-indented
            self.get_logger().info('I heard: "%d"' % msg.num)  # CHANGE
            ^

1     E117 over-indented

7 files checked
1 errors

'E'-type errors: 1

Checked files:

* ./setup.py
* ./py_pubsub/__init__.py
* ./py_pubsub/subscriber_member_function.py
* ./py_pubsub/publisher_member_function.py
* ./test/test_flake8.py
* ./test/test_copyright.py
* ./test/test_pep257.py
----------------------------- Captured stderr call -----------------------------
option --max-complexity: please update from optparse string `type=` to argparse callable `type=` -- this will be an error in the future
[31m[1m_________________________________ test_pep257 __________________________________[0m
[1m[31mtest/test_pep257.py[0m:23: in test_pep257
    [94massert[39;49;00m rc == [94m0[39;49;00m, [33m'[39;49;00m[33mFound code style errors / warnings[39;49;00m[33m'[39;49;00m
[1m[31mE   AssertionError: Found code style errors / warnings[0m
[1m[31mE   assert 1 == 0[0m
----------------------------- Captured stdout call -----------------------------
checking ./py_pubsub/__init__.py
checking ./py_pubsub/publisher_member_function.py
./py_pubsub/publisher_member_function.py:15 at module level: D205: 1 blank line required between summary line and description (found 0)
./py_pubsub/publisher_member_function.py:15 at module level: D400: First line should end with a period (not 'y')
./py_pubsub/publisher_member_function.py:15 at module level: D415: First line should end with a period, question mark, or exclamation point (not 'y')
checking ./py_pubsub/subscriber_member_function.py
./py_pubsub/subscriber_member_function.py:14 at module level: D205: 1 blank line required between summary line and description (found 0)
./py_pubsub/subscriber_member_function.py:14 at module level: D400: First line should end with a period (not 'y')
./py_pubsub/subscriber_member_function.py:14 at module level: D415: First line should end with a period, question mark, or exclamation point (not 'y')
checking ./setup.py
checking ./test/test_copyright.py
checking ./test/test_flake8.py
checking ./test/test_pep257.py
checking test/test_copyright.py
checking test/test_flake8.py
checking test/test_pep257.py
6 errors
- generated xml file: /home/zheka/Smart-Mobility-Engineering-Lab/ros2_ws/build/py_pubsub/pytest.xml -
=========================== short test summary info ============================
FAILED test/test_flake8.py::test_flake8 - AssertionError: Found 1 code style ...
FAILED test/test_pep257.py::test_pep257 - AssertionError: Found code style er...
[31m=================== [31m[1m2 failed[0m, [33m1 skipped[0m, [33m2 warnings[0m[31m in 0.15s[0m[31m ===================[0m
