[0.182s] Invoking command in '/home/zheka/Smart-Mobility-Engineering-Lab/ros2_ws/src/py_pubsub': AMENT_PREFIX_PATH=/home/zheka/Smart-Mobility-Engineering-Lab/ros2_ws/install/py_pubsub:/home/zheka/Smart-Mobility-Engineering-Lab/ros2_ws/install/tutorial_interfaces:${AMENT_PREFIX_PATH} CMAKE_PREFIX_PATH=/home/zheka/Smart-Mobility-Engineering-Lab/ros2_ws/install/tutorial_interfaces LD_LIBRARY_PATH=/home/zheka/Smart-Mobility-Engineering-Lab/ros2_ws/install/tutorial_interfaces/lib:${LD_LIBRARY_PATH} PYTEST_ADDOPTS=--tb=short --junit-xml=/home/zheka/Smart-Mobility-Engineering-Lab/ros2_ws/build/py_pubsub/pytest.xml --junit-prefix=py_pubsub -o cache_dir=/home/zheka/Smart-Mobility-Engineering-Lab/ros2_ws/build/py_pubsub/.pytest_cache PYTHONPATH=/home/zheka/Smart-Mobility-Engineering-Lab/ros2_ws/install/py_pubsub/lib/python3.10/site-packages:/home/zheka/Smart-Mobility-Engineering-Lab/ros2_ws/install/tutorial_interfaces/local/lib/python3.10/dist-packages:${PYTHONPATH} /usr/bin/python3 -m pytest
[0.341s] [1m============================= test session starts ==============================[0m
[0.341s] platform linux -- Python 3.10.12, pytest-6.2.5, py-1.10.0, pluggy-0.13.0
[0.343s] cachedir: /home/zheka/Smart-Mobility-Engineering-Lab/ros2_ws/build/py_pubsub/.pytest_cache
[0.343s] rootdir: /home/zheka/Smart-Mobility-Engineering-Lab/ros2_ws/src/py_pubsub
[0.343s] plugins: ament-lint-0.12.8, ament-copyright-0.12.8, ament-flake8-0.12.8, launch-testing-1.0.4, ament-pep257-0.12.8, ament-xmllint-0.12.8, launch-testing-ros-0.19.6, cov-3.0.0, colcon-core-0.15.0
[0.380s] [1mcollecting ... [0m[1m
[0.380s] collected 3 items                                                              [0m
[0.380s] 
[0.383s] test/test_copyright.py [33ms[0m[32m                                                 [ 33%][0m
[0.460s] test/test_flake8.py [31mF[0m[31m                                                    [ 66%][0m
[0.471s] test/test_pep257.py [31mF[0m[31m                                                    [100%][0m
[0.471s] 
[0.471s] =================================== FAILURES ===================================
[0.471s] [31m[1m_________________________________ test_flake8 __________________________________[0m
[0.471s] [1m[31mtest/test_flake8.py[0m:23: in test_flake8
[0.492s]     [94massert[39;49;00m rc == [94m0[39;49;00m, \
[0.492s] [1m[31mE   AssertionError: Found 1 code style errors / warnings:[0m
[0.492s] [1m[31mE     ./py_pubsub/subscriber_member_function.py:72:13: E117 over-indented[0m
[0.492s] [1m[31mE   assert 1 == 0[0m
[0.492s] ----------------------------- Captured stdout call -----------------------------
[0.492s] 
[0.492s] ./py_pubsub/subscriber_member_function.py:72:13: E117 over-indented
[0.492s]             self.get_logger().info('I heard: "%d"' % msg.num)  # CHANGE
[0.492s]             ^
[0.492s] 
[0.492s] 1     E117 over-indented
[0.492s] 
[0.492s] 7 files checked
[0.492s] 1 errors
[0.492s] 
[0.492s] 'E'-type errors: 1
[0.492s] 
[0.492s] Checked files:
[0.493s] 
[0.493s] * ./setup.py
[0.493s] * ./py_pubsub/__init__.py
[0.493s] * ./py_pubsub/subscriber_member_function.py
[0.493s] * ./py_pubsub/publisher_member_function.py
[0.493s] * ./test/test_flake8.py
[0.493s] * ./test/test_copyright.py
[0.493s] * ./test/test_pep257.py
[0.493s] ----------------------------- Captured stderr call -----------------------------
[0.493s] option --max-complexity: please update from optparse string `type=` to argparse callable `type=` -- this will be an error in the future
[0.493s] [31m[1m_________________________________ test_pep257 __________________________________[0m
[0.493s] [1m[31mtest/test_pep257.py[0m:23: in test_pep257
[0.493s]     [94massert[39;49;00m rc == [94m0[39;49;00m, [33m'[39;49;00m[33mFound code style errors / warnings[39;49;00m[33m'[39;49;00m
[0.493s] [1m[31mE   AssertionError: Found code style errors / warnings[0m
[0.493s] [1m[31mE   assert 1 == 0[0m
[0.493s] ----------------------------- Captured stdout call -----------------------------
[0.493s] checking ./py_pubsub/__init__.py
[0.493s] checking ./py_pubsub/publisher_member_function.py
[0.494s] ./py_pubsub/publisher_member_function.py:15 at module level: D205: 1 blank line required between summary line and description (found 0)
[0.494s] ./py_pubsub/publisher_member_function.py:15 at module level: D400: First line should end with a period (not 'y')
[0.494s] ./py_pubsub/publisher_member_function.py:15 at module level: D415: First line should end with a period, question mark, or exclamation point (not 'y')
[0.494s] checking ./py_pubsub/subscriber_member_function.py
[0.494s] ./py_pubsub/subscriber_member_function.py:14 at module level: D205: 1 blank line required between summary line and description (found 0)
[0.494s] ./py_pubsub/subscriber_member_function.py:14 at module level: D400: First line should end with a period (not 'y')
[0.494s] ./py_pubsub/subscriber_member_function.py:14 at module level: D415: First line should end with a period, question mark, or exclamation point (not 'y')
[0.494s] checking ./setup.py
[0.494s] checking ./test/test_copyright.py
[0.494s] checking ./test/test_flake8.py
[0.494s] checking ./test/test_pep257.py
[0.494s] checking test/test_copyright.py
[0.494s] checking test/test_flake8.py
[0.494s] checking test/test_pep257.py
[0.494s] 6 errors
[0.494s] [33m=============================== warnings summary ===============================[0m
[0.494s] test/test_flake8.py::test_flake8
[0.494s] test/test_flake8.py::test_flake8
[0.494s]   Warning: SelectableGroups dict interface is deprecated. Use select.
[0.494s] 
[0.495s] -- Docs: https://docs.pytest.org/en/stable/warnings.html
[0.495s] - generated xml file: /home/zheka/Smart-Mobility-Engineering-Lab/ros2_ws/build/py_pubsub/pytest.xml -
[0.495s] =========================== short test summary info ============================
[0.495s] FAILED test/test_flake8.py::test_flake8 - AssertionError: Found 1 code style ...
[0.495s] FAILED test/test_pep257.py::test_pep257 - AssertionError: Found code style er...
[0.495s] [31m=================== [31m[1m2 failed[0m, [33m1 skipped[0m, [33m2 warnings[0m[31m in 0.15s[0m[31m ===================[0m
[0.595s] Invoked command in '/home/zheka/Smart-Mobility-Engineering-Lab/ros2_ws/src/py_pubsub' returned '1': AMENT_PREFIX_PATH=/home/zheka/Smart-Mobility-Engineering-Lab/ros2_ws/install/py_pubsub:/home/zheka/Smart-Mobility-Engineering-Lab/ros2_ws/install/tutorial_interfaces:${AMENT_PREFIX_PATH} CMAKE_PREFIX_PATH=/home/zheka/Smart-Mobility-Engineering-Lab/ros2_ws/install/tutorial_interfaces LD_LIBRARY_PATH=/home/zheka/Smart-Mobility-Engineering-Lab/ros2_ws/install/tutorial_interfaces/lib:${LD_LIBRARY_PATH} PYTEST_ADDOPTS=--tb=short --junit-xml=/home/zheka/Smart-Mobility-Engineering-Lab/ros2_ws/build/py_pubsub/pytest.xml --junit-prefix=py_pubsub -o cache_dir=/home/zheka/Smart-Mobility-Engineering-Lab/ros2_ws/build/py_pubsub/.pytest_cache PYTHONPATH=/home/zheka/Smart-Mobility-Engineering-Lab/ros2_ws/install/py_pubsub/lib/python3.10/site-packages:/home/zheka/Smart-Mobility-Engineering-Lab/ros2_ws/install/tutorial_interfaces/local/lib/python3.10/dist-packages:${PYTHONPATH} /usr/bin/python3 -m pytest
