[0.000000] (-) TimerEvent: {}
[0.000595] (action_tutorials_interfaces) JobQueued: {'identifier': 'action_tutorials_interfaces', 'dependencies': OrderedDict([('action_tutorials_interfaces', '/home/zheka/Smart-Mobility-Engineering-Lab/ros2_ws/install/action_tutorials_interfaces')])}
[0.000628] (more_interfaces) JobQueued: {'identifier': 'more_interfaces', 'dependencies': OrderedDict([('more_interfaces', '/home/zheka/Smart-Mobility-Engineering-Lab/ros2_ws/install/more_interfaces')])}
[0.000641] (python_parameters) JobQueued: {'identifier': 'python_parameters', 'dependencies': OrderedDict([('python_parameters', '/home/zheka/Smart-Mobility-Engineering-Lab/ros2_ws/install/python_parameters')])}
[0.000653] (turtlesim) JobQueued: {'identifier': 'turtlesim', 'dependencies': OrderedDict([('turtlesim', '/home/zheka/Smart-Mobility-Engineering-Lab/ros2_ws/install/turtlesim')])}
[0.000663] (tutorial_interfaces) JobQueued: {'identifier': 'tutorial_interfaces', 'dependencies': OrderedDict([('tutorial_interfaces', '/home/zheka/Smart-Mobility-Engineering-Lab/ros2_ws/install/tutorial_interfaces')])}
[0.000674] (urdf_tutorial) JobQueued: {'identifier': 'urdf_tutorial', 'dependencies': OrderedDict([('urdf_tutorial', '/home/zheka/Smart-Mobility-Engineering-Lab/ros2_ws/install/urdf_tutorial')])}
[0.000684] (py_pubsub) JobQueued: {'identifier': 'py_pubsub', 'dependencies': OrderedDict([('tutorial_interfaces', '/home/zheka/Smart-Mobility-Engineering-Lab/ros2_ws/install/tutorial_interfaces'), ('py_pubsub', '/home/zheka/Smart-Mobility-Engineering-Lab/ros2_ws/install/py_pubsub')])}
[0.000702] (py_srvcli) JobQueued: {'identifier': 'py_srvcli', 'dependencies': OrderedDict([('tutorial_interfaces', '/home/zheka/Smart-Mobility-Engineering-Lab/ros2_ws/install/tutorial_interfaces'), ('py_srvcli', '/home/zheka/Smart-Mobility-Engineering-Lab/ros2_ws/install/py_srvcli')])}
[0.000713] (tutorial_interfaces) JobStarted: {'identifier': 'tutorial_interfaces'}
[0.023382] (action_tutorials_interfaces) JobStarted: {'identifier': 'action_tutorials_interfaces'}
[0.065744] (action_tutorials_interfaces) Command: {'cmd': ['/usr/bin/ctest', '-C', 'Release', '-D', 'ExperimentalTest', '--no-compress-output', '-V', '--force-new-ctest-process'], 'cwd': '/home/zheka/Smart-Mobility-Engineering-Lab/ros2_ws/build/action_tutorials_interfaces', 'env': OrderedDict([('LESSOPEN', '| /usr/bin/lesspipe %s'), ('USER', 'zheka'), ('LC_TIME', 'ko_KR.UTF-8'), ('XDG_SESSION_TYPE', 'wayland'), ('SHLVL', '1'), ('LD_LIBRARY_PATH', '/home/zheka/Smart-Mobility-Engineering-Lab/ros2_ws/install/action_tutorials_interfaces/lib:/opt/ros/humble/opt/rviz_ogre_vendor/lib:/opt/ros/humble/lib/aarch64-linux-gnu:/opt/ros/humble/lib'), ('HOME', '/home/zheka'), ('OLDPWD', '/home/zheka/Smart-Mobility-Engineering-Lab'), ('DESKTOP_SESSION', 'ubuntu'), ('ROS_PYTHON_VERSION', '3'), ('GNOME_SHELL_SESSION_MODE', 'ubuntu'), ('GTK_MODULES', 'gail:atk-bridge'), ('LC_MONETARY', 'ko_KR.UTF-8'), ('SYSTEMD_EXEC_PID', '1010'), ('DBUS_SESSION_BUS_ADDRESS', 'unix:path=/run/user/1000/bus'), ('COLORTERM', 'truecolor'), ('_colcon_cd_root', '/opt/ros/humble/'), ('IM_CONFIG_PHASE', '1'), ('WAYLAND_DISPLAY', 'wayland-0'), ('ROS_DISTRO', 'humble'), ('LOGNAME', 'zheka'), ('_', '/usr/bin/colcon'), ('ROS_VERSION', '2'), ('XDG_SESSION_CLASS', 'user'), ('USERNAME', 'zheka'), ('TERM', 'xterm-256color'), ('GNOME_DESKTOP_SESSION_ID', 'this-is-deprecated'), ('ROS_LOCALHOST_ONLY', '0'), ('PATH', '/opt/ros/humble/bin:/usr/local/sbin:/usr/local/bin:/usr/sbin:/usr/bin:/sbin:/bin:/usr/games:/usr/local/games:/snap/bin:/snap/bin'), ('SESSION_MANAGER', 'local/zheka-virtual-machine:@/tmp/.ICE-unix/979,unix/zheka-virtual-machine:/tmp/.ICE-unix/979'), ('XDG_MENU_PREFIX', 'gnome-'), ('LC_ADDRESS', 'ko_KR.UTF-8'), ('GNOME_TERMINAL_SCREEN', '/org/gnome/Terminal/screen/9f77f5ec_00c6_4e1d_a7e1_cce16f46cf3c'), ('GNOME_SETUP_DISPLAY', ':1'), ('XDG_RUNTIME_DIR', '/run/user/1000'), ('DISPLAY', ':0'), ('LANG', 'en_US.UTF-8'), ('XDG_CURRENT_DESKTOP', 'ubuntu:GNOME'), ('LC_TELEPHONE', 'ko_KR.UTF-8'), ('XMODIFIERS', '@im=ibus'), ('XDG_SESSION_DESKTOP', 'ubuntu'), ('XAUTHORITY', '/run/user/1000/.mutter-Xwaylandauth.0FT7C2'), ('LS_COLORS', 'rs=0:di=01;34:ln=01;36:mh=00:pi=40;33:so=01;35:do=01;35:bd=40;33;01:cd=40;33;01:or=40;31;01:mi=00:su=37;41:sg=30;43:ca=30;41:tw=30;42:ow=34;42:st=37;44:ex=01;32:*.tar=01;31:*.tgz=01;31:*.arc=01;31:*.arj=01;31:*.taz=01;31:*.lha=01;31:*.lz4=01;31:*.lzh=01;31:*.lzma=01;31:*.tlz=01;31:*.txz=01;31:*.tzo=01;31:*.t7z=01;31:*.zip=01;31:*.z=01;31:*.dz=01;31:*.gz=01;31:*.lrz=01;31:*.lz=01;31:*.lzo=01;31:*.xz=01;31:*.zst=01;31:*.tzst=01;31:*.bz2=01;31:*.bz=01;31:*.tbz=01;31:*.tbz2=01;31:*.tz=01;31:*.deb=01;31:*.rpm=01;31:*.jar=01;31:*.war=01;31:*.ear=01;31:*.sar=01;31:*.rar=01;31:*.alz=01;31:*.ace=01;31:*.zoo=01;31:*.cpio=01;31:*.7z=01;31:*.rz=01;31:*.cab=01;31:*.wim=01;31:*.swm=01;31:*.dwm=01;31:*.esd=01;31:*.jpg=01;35:*.jpeg=01;35:*.mjpg=01;35:*.mjpeg=01;35:*.gif=01;35:*.bmp=01;35:*.pbm=01;35:*.pgm=01;35:*.ppm=01;35:*.tga=01;35:*.xbm=01;35:*.xpm=01;35:*.tif=01;35:*.tiff=01;35:*.png=01;35:*.svg=01;35:*.svgz=01;35:*.mng=01;35:*.pcx=01;35:*.mov=01;35:*.mpg=01;35:*.mpeg=01;35:*.m2v=01;35:*.mkv=01;35:*.webm=01;35:*.webp=01;35:*.ogm=01;35:*.mp4=01;35:*.m4v=01;35:*.mp4v=01;35:*.vob=01;35:*.qt=01;35:*.nuv=01;35:*.wmv=01;35:*.asf=01;35:*.rm=01;35:*.rmvb=01;35:*.flc=01;35:*.avi=01;35:*.fli=01;35:*.flv=01;35:*.gl=01;35:*.dl=01;35:*.xcf=01;35:*.xwd=01;35:*.yuv=01;35:*.cgm=01;35:*.emf=01;35:*.ogv=01;35:*.ogx=01;35:*.aac=00;36:*.au=00;36:*.flac=00;36:*.m4a=00;36:*.mid=00;36:*.midi=00;36:*.mka=00;36:*.mp3=00;36:*.mpc=00;36:*.ogg=00;36:*.ra=00;36:*.wav=00;36:*.oga=00;36:*.opus=00;36:*.spx=00;36:*.xspf=00;36:'), ('GNOME_TERMINAL_SERVICE', ':1.89'), ('SSH_AGENT_LAUNCHER', 'gnome-keyring'), ('SSH_AUTH_SOCK', '/run/user/1000/keyring/ssh'), ('AMENT_PREFIX_PATH', '/opt/ros/humble'), ('SHELL', '/bin/bash'), ('LC_NAME', 'ko_KR.UTF-8'), ('QT_ACCESSIBILITY', '1'), ('GDMSESSION', 'ubuntu'), ('LESSCLOSE', '/usr/bin/lesspipe %s %s'), ('LC_MEASUREMENT', 'ko_KR.UTF-8'), ('LC_IDENTIFICATION', 'ko_KR.UTF-8'), ('QT_IM_MODULE', 'ibus'), ('PWD', '/home/zheka/Smart-Mobility-Engineering-Lab/ros2_ws/build/action_tutorials_interfaces'), ('XDG_CONFIG_DIRS', '/etc/xdg/xdg-ubuntu:/etc/xdg'), ('XDG_DATA_DIRS', '/usr/share/ubuntu:/usr/local/share/:/usr/share/:/var/lib/snapd/desktop'), ('PYTHONPATH', '/opt/ros/humble/lib/python3.10/site-packages:/opt/ros/humble/local/lib/python3.10/dist-packages'), ('LC_NUMERIC', 'ko_KR.UTF-8'), ('LC_PAPER', 'ko_KR.UTF-8'), ('COLCON', '1'), ('VTE_VERSION', '6800'), ('CMAKE_PREFIX_PATH', '/home/zheka/Smart-Mobility-Engineering-Lab/ros2_ws/install/action_tutorials_interfaces')]), 'shell': False}
[0.067504] (tutorial_interfaces) Command: {'cmd': ['/usr/bin/ctest', '-C', 'Release', '-D', 'ExperimentalTest', '--no-compress-output', '-V', '--force-new-ctest-process'], 'cwd': '/home/zheka/Smart-Mobility-Engineering-Lab/ros2_ws/build/tutorial_interfaces', 'env': OrderedDict([('LESSOPEN', '| /usr/bin/lesspipe %s'), ('USER', 'zheka'), ('LC_TIME', 'ko_KR.UTF-8'), ('XDG_SESSION_TYPE', 'wayland'), ('SHLVL', '1'), ('LD_LIBRARY_PATH', '/home/zheka/Smart-Mobility-Engineering-Lab/ros2_ws/install/tutorial_interfaces/lib:/opt/ros/humble/opt/rviz_ogre_vendor/lib:/opt/ros/humble/lib/aarch64-linux-gnu:/opt/ros/humble/lib'), ('HOME', '/home/zheka'), ('OLDPWD', '/home/zheka/Smart-Mobility-Engineering-Lab'), ('DESKTOP_SESSION', 'ubuntu'), ('ROS_PYTHON_VERSION', '3'), ('GNOME_SHELL_SESSION_MODE', 'ubuntu'), ('GTK_MODULES', 'gail:atk-bridge'), ('LC_MONETARY', 'ko_KR.UTF-8'), ('SYSTEMD_EXEC_PID', '1010'), ('DBUS_SESSION_BUS_ADDRESS', 'unix:path=/run/user/1000/bus'), ('COLORTERM', 'truecolor'), ('_colcon_cd_root', '/opt/ros/humble/'), ('IM_CONFIG_PHASE', '1'), ('WAYLAND_DISPLAY', 'wayland-0'), ('ROS_DISTRO', 'humble'), ('LOGNAME', 'zheka'), ('_', '/usr/bin/colcon'), ('ROS_VERSION', '2'), ('XDG_SESSION_CLASS', 'user'), ('USERNAME', 'zheka'), ('TERM', 'xterm-256color'), ('GNOME_DESKTOP_SESSION_ID', 'this-is-deprecated'), ('ROS_LOCALHOST_ONLY', '0'), ('PATH', '/opt/ros/humble/bin:/usr/local/sbin:/usr/local/bin:/usr/sbin:/usr/bin:/sbin:/bin:/usr/games:/usr/local/games:/snap/bin:/snap/bin'), ('SESSION_MANAGER', 'local/zheka-virtual-machine:@/tmp/.ICE-unix/979,unix/zheka-virtual-machine:/tmp/.ICE-unix/979'), ('XDG_MENU_PREFIX', 'gnome-'), ('LC_ADDRESS', 'ko_KR.UTF-8'), ('GNOME_TERMINAL_SCREEN', '/org/gnome/Terminal/screen/9f77f5ec_00c6_4e1d_a7e1_cce16f46cf3c'), ('GNOME_SETUP_DISPLAY', ':1'), ('XDG_RUNTIME_DIR', '/run/user/1000'), ('DISPLAY', ':0'), ('LANG', 'en_US.UTF-8'), ('XDG_CURRENT_DESKTOP', 'ubuntu:GNOME'), ('LC_TELEPHONE', 'ko_KR.UTF-8'), ('XMODIFIERS', '@im=ibus'), ('XDG_SESSION_DESKTOP', 'ubuntu'), ('XAUTHORITY', '/run/user/1000/.mutter-Xwaylandauth.0FT7C2'), ('LS_COLORS', 'rs=0:di=01;34:ln=01;36:mh=00:pi=40;33:so=01;35:do=01;35:bd=40;33;01:cd=40;33;01:or=40;31;01:mi=00:su=37;41:sg=30;43:ca=30;41:tw=30;42:ow=34;42:st=37;44:ex=01;32:*.tar=01;31:*.tgz=01;31:*.arc=01;31:*.arj=01;31:*.taz=01;31:*.lha=01;31:*.lz4=01;31:*.lzh=01;31:*.lzma=01;31:*.tlz=01;31:*.txz=01;31:*.tzo=01;31:*.t7z=01;31:*.zip=01;31:*.z=01;31:*.dz=01;31:*.gz=01;31:*.lrz=01;31:*.lz=01;31:*.lzo=01;31:*.xz=01;31:*.zst=01;31:*.tzst=01;31:*.bz2=01;31:*.bz=01;31:*.tbz=01;31:*.tbz2=01;31:*.tz=01;31:*.deb=01;31:*.rpm=01;31:*.jar=01;31:*.war=01;31:*.ear=01;31:*.sar=01;31:*.rar=01;31:*.alz=01;31:*.ace=01;31:*.zoo=01;31:*.cpio=01;31:*.7z=01;31:*.rz=01;31:*.cab=01;31:*.wim=01;31:*.swm=01;31:*.dwm=01;31:*.esd=01;31:*.jpg=01;35:*.jpeg=01;35:*.mjpg=01;35:*.mjpeg=01;35:*.gif=01;35:*.bmp=01;35:*.pbm=01;35:*.pgm=01;35:*.ppm=01;35:*.tga=01;35:*.xbm=01;35:*.xpm=01;35:*.tif=01;35:*.tiff=01;35:*.png=01;35:*.svg=01;35:*.svgz=01;35:*.mng=01;35:*.pcx=01;35:*.mov=01;35:*.mpg=01;35:*.mpeg=01;35:*.m2v=01;35:*.mkv=01;35:*.webm=01;35:*.webp=01;35:*.ogm=01;35:*.mp4=01;35:*.m4v=01;35:*.mp4v=01;35:*.vob=01;35:*.qt=01;35:*.nuv=01;35:*.wmv=01;35:*.asf=01;35:*.rm=01;35:*.rmvb=01;35:*.flc=01;35:*.avi=01;35:*.fli=01;35:*.flv=01;35:*.gl=01;35:*.dl=01;35:*.xcf=01;35:*.xwd=01;35:*.yuv=01;35:*.cgm=01;35:*.emf=01;35:*.ogv=01;35:*.ogx=01;35:*.aac=00;36:*.au=00;36:*.flac=00;36:*.m4a=00;36:*.mid=00;36:*.midi=00;36:*.mka=00;36:*.mp3=00;36:*.mpc=00;36:*.ogg=00;36:*.ra=00;36:*.wav=00;36:*.oga=00;36:*.opus=00;36:*.spx=00;36:*.xspf=00;36:'), ('GNOME_TERMINAL_SERVICE', ':1.89'), ('SSH_AGENT_LAUNCHER', 'gnome-keyring'), ('SSH_AUTH_SOCK', '/run/user/1000/keyring/ssh'), ('AMENT_PREFIX_PATH', '/home/zheka/Smart-Mobility-Engineering-Lab/ros2_ws/install/tutorial_interfaces:/opt/ros/humble'), ('SHELL', '/bin/bash'), ('LC_NAME', 'ko_KR.UTF-8'), ('QT_ACCESSIBILITY', '1'), ('GDMSESSION', 'ubuntu'), ('LESSCLOSE', '/usr/bin/lesspipe %s %s'), ('LC_MEASUREMENT', 'ko_KR.UTF-8'), ('LC_IDENTIFICATION', 'ko_KR.UTF-8'), ('QT_IM_MODULE', 'ibus'), ('PWD', '/home/zheka/Smart-Mobility-Engineering-Lab/ros2_ws/build/tutorial_interfaces'), ('XDG_CONFIG_DIRS', '/etc/xdg/xdg-ubuntu:/etc/xdg'), ('XDG_DATA_DIRS', '/usr/share/ubuntu:/usr/local/share/:/usr/share/:/var/lib/snapd/desktop'), ('PYTHONPATH', '/home/zheka/Smart-Mobility-Engineering-Lab/ros2_ws/install/tutorial_interfaces/local/lib/python3.10/dist-packages:/opt/ros/humble/lib/python3.10/site-packages:/opt/ros/humble/local/lib/python3.10/dist-packages'), ('LC_NUMERIC', 'ko_KR.UTF-8'), ('LC_PAPER', 'ko_KR.UTF-8'), ('COLCON', '1'), ('VTE_VERSION', '6800'), ('CMAKE_PREFIX_PATH', '/home/zheka/Smart-Mobility-Engineering-Lab/ros2_ws/install/tutorial_interfaces')]), 'shell': False}
[0.072349] (action_tutorials_interfaces) StdoutLine: {'line': b'UpdateCTestConfiguration  from :/home/zheka/Smart-Mobility-Engineering-Lab/ros2_ws/build/action_tutorials_interfaces/CTestConfiguration.ini\n'}
[0.072458] (action_tutorials_interfaces) StdoutLine: {'line': b'Parse Config file:/home/zheka/Smart-Mobility-Engineering-Lab/ros2_ws/build/action_tutorials_interfaces/CTestConfiguration.ini\n'}
[0.072492] (action_tutorials_interfaces) StdoutLine: {'line': b'   Site: zheka-virtual-machine\n'}
[0.072520] (action_tutorials_interfaces) StdoutLine: {'line': b'   Build name: (empty)\n'}
[0.072731] (action_tutorials_interfaces) StdoutLine: {'line': b' Add coverage exclude regular expressions.\n'}
[0.072795] (action_tutorials_interfaces) StdoutLine: {'line': b'Create new tag: 20231019-1348 - Experimental\n'}
[0.072840] (action_tutorials_interfaces) StdoutLine: {'line': b'UpdateCTestConfiguration  from :/home/zheka/Smart-Mobility-Engineering-Lab/ros2_ws/build/action_tutorials_interfaces/CTestConfiguration.ini\n'}
[0.072869] (action_tutorials_interfaces) StdoutLine: {'line': b'Parse Config file:/home/zheka/Smart-Mobility-Engineering-Lab/ros2_ws/build/action_tutorials_interfaces/CTestConfiguration.ini\n'}
[0.072907] (action_tutorials_interfaces) StdoutLine: {'line': b'Test project /home/zheka/Smart-Mobility-Engineering-Lab/ros2_ws/build/action_tutorials_interfaces\n'}
[0.072934] (action_tutorials_interfaces) StdoutLine: {'line': b'Constructing a list of tests\n'}
[0.073066] (action_tutorials_interfaces) StdoutLine: {'line': b'Done constructing a list of tests\n'}
[0.073095] (action_tutorials_interfaces) StdoutLine: {'line': b'Updating test list for fixtures\n'}
[0.073133] (action_tutorials_interfaces) StdoutLine: {'line': b'Added 0 tests to meet fixture requirements\n'}
[0.073161] (action_tutorials_interfaces) StdoutLine: {'line': b'Checking test dependency graph...\n'}
[0.073187] (action_tutorials_interfaces) StdoutLine: {'line': b'Checking test dependency graph end\n'}
[0.073240] (action_tutorials_interfaces) StderrLine: {'line': b'Failed to change working directory to /home/zheka/Smart-Mobility-Engineering-Lab/ros2_ws/action_tutorials_interfaces : No such file or directory\n'}
[0.073291] (action_tutorials_interfaces) StderrLine: {'line': b'Failed to change working directory to /home/zheka/Smart-Mobility-Engineering-Lab/ros2_ws/action_tutorials_interfaces : No such file or directory\n'}
[0.073318] (action_tutorials_interfaces) StdoutLine: {'line': b'test 1\n'}
[0.073345] (action_tutorials_interfaces) StdoutLine: {'line': b'                                        Start 1: lint_cmake\n'}
[0.073372] (action_tutorials_interfaces) StdoutLine: {'line': b'1/2 Test #1: lint_cmake .......................***Not Run   0.00 sec\n'}
[0.073398] (action_tutorials_interfaces) StdoutLine: {'line': b'test 2\n'}
[0.073424] (action_tutorials_interfaces) StdoutLine: {'line': b'                                        Start 2: xmllint\n'}
[0.073450] (action_tutorials_interfaces) StdoutLine: {'line': b'2/2 Test #2: xmllint ..........................***Not Run   0.00 sec\n'}
[0.073499] (action_tutorials_interfaces) StdoutLine: {'line': b'\n'}
[0.073528] (action_tutorials_interfaces) StdoutLine: {'line': b'0% tests passed\x1b[0;0m, \x1b[0;31m2 tests failed\x1b[0;0m out of 2\n'}
[0.073555] (action_tutorials_interfaces) StdoutLine: {'line': b'\n'}
[0.073581] (action_tutorials_interfaces) StdoutLine: {'line': b'Label Time Summary:\n'}
[0.073607] (action_tutorials_interfaces) StdoutLine: {'line': b'lint_cmake    =   0.00 sec*proc (1 test)\n'}
[0.073632] (action_tutorials_interfaces) StdoutLine: {'line': b'linter        =   0.00 sec*proc (2 tests)\n'}
[0.073659] (action_tutorials_interfaces) StdoutLine: {'line': b'xmllint       =   0.00 sec*proc (1 test)\n'}
[0.073685] (action_tutorials_interfaces) StdoutLine: {'line': b'\n'}
[0.073710] (action_tutorials_interfaces) StdoutLine: {'line': b'Total Test time (real) =   0.00 sec\n'}
[0.073736] (action_tutorials_interfaces) StdoutLine: {'line': b'\n'}
[0.073761] (action_tutorials_interfaces) StdoutLine: {'line': b'The following tests FAILED:\n'}
[0.073787] (action_tutorials_interfaces) StdoutLine: {'line': b'\t\x1b[0;33m  1 - lint_cmake (Not Run)\x1b[0;0m\n'}
[0.073813] (action_tutorials_interfaces) StdoutLine: {'line': b'\t\x1b[0;33m  2 - xmllint (Not Run)\x1b[0;0m\n'}
[0.073850] (action_tutorials_interfaces) StderrLine: {'line': b'Errors while running CTest\n'}
[0.073878] (action_tutorials_interfaces) StderrLine: {'line': b'Output from these tests are in: /home/zheka/Smart-Mobility-Engineering-Lab/ros2_ws/build/action_tutorials_interfaces/Testing/Temporary/LastTest.log\n'}
[0.073904] (action_tutorials_interfaces) StderrLine: {'line': b'Use "--rerun-failed --output-on-failure" to re-run the failed cases verbosely.\n'}
[0.074537] (tutorial_interfaces) StdoutLine: {'line': b'UpdateCTestConfiguration  from :/home/zheka/Smart-Mobility-Engineering-Lab/ros2_ws/build/tutorial_interfaces/CTestConfiguration.ini\n'}
[0.074617] (tutorial_interfaces) StdoutLine: {'line': b'Parse Config file:/home/zheka/Smart-Mobility-Engineering-Lab/ros2_ws/build/tutorial_interfaces/CTestConfiguration.ini\n'}
[0.074664] (tutorial_interfaces) StdoutLine: {'line': b'   Site: zheka-virtual-machine\n'}
[0.074797] (tutorial_interfaces) StdoutLine: {'line': b'   Build name: (empty)\n'}
[0.075301] (action_tutorials_interfaces) CommandEnded: {'returncode': 8}
[0.075471] (action_tutorials_interfaces) TestFailure: {'identifier': 'action_tutorials_interfaces'}
[0.075488] (action_tutorials_interfaces) JobEnded: {'identifier': 'action_tutorials_interfaces', 'rc': 0}
[0.075949] (more_interfaces) JobStarted: {'identifier': 'more_interfaces'}
[0.076069] (tutorial_interfaces) StdoutLine: {'line': b' Add coverage exclude regular expressions.\n'}
[0.076120] (tutorial_interfaces) StdoutLine: {'line': b'Create new tag: 20231019-1348 - Experimental\n'}
[0.076164] (tutorial_interfaces) StdoutLine: {'line': b'UpdateCTestConfiguration  from :/home/zheka/Smart-Mobility-Engineering-Lab/ros2_ws/build/tutorial_interfaces/CTestConfiguration.ini\n'}
[0.076205] (tutorial_interfaces) StdoutLine: {'line': b'Parse Config file:/home/zheka/Smart-Mobility-Engineering-Lab/ros2_ws/build/tutorial_interfaces/CTestConfiguration.ini\n'}
[0.076246] (tutorial_interfaces) StdoutLine: {'line': b'Test project /home/zheka/Smart-Mobility-Engineering-Lab/ros2_ws/build/tutorial_interfaces\n'}
[0.076286] (tutorial_interfaces) StdoutLine: {'line': b'Constructing a list of tests\n'}
[0.078642] (tutorial_interfaces) StdoutLine: {'line': b'Done constructing a list of tests\n'}
[0.078691] (tutorial_interfaces) StdoutLine: {'line': b'Updating test list for fixtures\n'}
[0.078723] (tutorial_interfaces) StdoutLine: {'line': b'Added 0 tests to meet fixture requirements\n'}
[0.078753] (tutorial_interfaces) StdoutLine: {'line': b'Checking test dependency graph...\n'}
[0.078781] (tutorial_interfaces) StdoutLine: {'line': b'Checking test dependency graph end\n'}
[0.078808] (tutorial_interfaces) StdoutLine: {'line': b'test 1\n'}
[0.078835] (tutorial_interfaces) StdoutLine: {'line': b'    Start 1: lint_cmake\n'}
[0.078863] (tutorial_interfaces) StdoutLine: {'line': b'\n'}
[0.078890] (tutorial_interfaces) StdoutLine: {'line': b'1: Test command: /usr/bin/python3.10 "-u" "/opt/ros/humble/share/ament_cmake_test/cmake/run_test.py" "/home/zheka/Smart-Mobility-Engineering-Lab/ros2_ws/build/tutorial_interfaces/test_results/tutorial_interfaces/lint_cmake.xunit.xml" "--package-name" "tutorial_interfaces" "--output-file" "/home/zheka/Smart-Mobility-Engineering-Lab/ros2_ws/build/tutorial_interfaces/ament_lint_cmake/lint_cmake.txt" "--command" "/opt/ros/humble/bin/ament_lint_cmake" "--xunit-file" "/home/zheka/Smart-Mobility-Engineering-Lab/ros2_ws/build/tutorial_interfaces/test_results/tutorial_interfaces/lint_cmake.xunit.xml"\n'}
[0.078921] (tutorial_interfaces) StdoutLine: {'line': b'1: Test timeout computed to be: 60\n'}
[0.099094] (-) TimerEvent: {}
[0.125121] (more_interfaces) Command: {'cmd': ['/usr/bin/ctest', '-C', 'Release', '-D', 'ExperimentalTest', '--no-compress-output', '-V', '--force-new-ctest-process'], 'cwd': '/home/zheka/Smart-Mobility-Engineering-Lab/ros2_ws/build/more_interfaces', 'env': OrderedDict([('LESSOPEN', '| /usr/bin/lesspipe %s'), ('USER', 'zheka'), ('LC_TIME', 'ko_KR.UTF-8'), ('XDG_SESSION_TYPE', 'wayland'), ('SHLVL', '1'), ('LD_LIBRARY_PATH', '/home/zheka/Smart-Mobility-Engineering-Lab/ros2_ws/install/more_interfaces/lib:/opt/ros/humble/opt/rviz_ogre_vendor/lib:/opt/ros/humble/lib/aarch64-linux-gnu:/opt/ros/humble/lib'), ('HOME', '/home/zheka'), ('OLDPWD', '/home/zheka/Smart-Mobility-Engineering-Lab'), ('DESKTOP_SESSION', 'ubuntu'), ('ROS_PYTHON_VERSION', '3'), ('GNOME_SHELL_SESSION_MODE', 'ubuntu'), ('GTK_MODULES', 'gail:atk-bridge'), ('LC_MONETARY', 'ko_KR.UTF-8'), ('SYSTEMD_EXEC_PID', '1010'), ('DBUS_SESSION_BUS_ADDRESS', 'unix:path=/run/user/1000/bus'), ('COLORTERM', 'truecolor'), ('_colcon_cd_root', '/opt/ros/humble/'), ('IM_CONFIG_PHASE', '1'), ('WAYLAND_DISPLAY', 'wayland-0'), ('ROS_DISTRO', 'humble'), ('LOGNAME', 'zheka'), ('_', '/usr/bin/colcon'), ('ROS_VERSION', '2'), ('XDG_SESSION_CLASS', 'user'), ('USERNAME', 'zheka'), ('TERM', 'xterm-256color'), ('GNOME_DESKTOP_SESSION_ID', 'this-is-deprecated'), ('ROS_LOCALHOST_ONLY', '0'), ('PATH', '/opt/ros/humble/bin:/usr/local/sbin:/usr/local/bin:/usr/sbin:/usr/bin:/sbin:/bin:/usr/games:/usr/local/games:/snap/bin:/snap/bin'), ('SESSION_MANAGER', 'local/zheka-virtual-machine:@/tmp/.ICE-unix/979,unix/zheka-virtual-machine:/tmp/.ICE-unix/979'), ('XDG_MENU_PREFIX', 'gnome-'), ('LC_ADDRESS', 'ko_KR.UTF-8'), ('GNOME_TERMINAL_SCREEN', '/org/gnome/Terminal/screen/9f77f5ec_00c6_4e1d_a7e1_cce16f46cf3c'), ('GNOME_SETUP_DISPLAY', ':1'), ('XDG_RUNTIME_DIR', '/run/user/1000'), ('DISPLAY', ':0'), ('LANG', 'en_US.UTF-8'), ('XDG_CURRENT_DESKTOP', 'ubuntu:GNOME'), ('LC_TELEPHONE', 'ko_KR.UTF-8'), ('XMODIFIERS', '@im=ibus'), ('XDG_SESSION_DESKTOP', 'ubuntu'), ('XAUTHORITY', '/run/user/1000/.mutter-Xwaylandauth.0FT7C2'), ('LS_COLORS', 'rs=0:di=01;34:ln=01;36:mh=00:pi=40;33:so=01;35:do=01;35:bd=40;33;01:cd=40;33;01:or=40;31;01:mi=00:su=37;41:sg=30;43:ca=30;41:tw=30;42:ow=34;42:st=37;44:ex=01;32:*.tar=01;31:*.tgz=01;31:*.arc=01;31:*.arj=01;31:*.taz=01;31:*.lha=01;31:*.lz4=01;31:*.lzh=01;31:*.lzma=01;31:*.tlz=01;31:*.txz=01;31:*.tzo=01;31:*.t7z=01;31:*.zip=01;31:*.z=01;31:*.dz=01;31:*.gz=01;31:*.lrz=01;31:*.lz=01;31:*.lzo=01;31:*.xz=01;31:*.zst=01;31:*.tzst=01;31:*.bz2=01;31:*.bz=01;31:*.tbz=01;31:*.tbz2=01;31:*.tz=01;31:*.deb=01;31:*.rpm=01;31:*.jar=01;31:*.war=01;31:*.ear=01;31:*.sar=01;31:*.rar=01;31:*.alz=01;31:*.ace=01;31:*.zoo=01;31:*.cpio=01;31:*.7z=01;31:*.rz=01;31:*.cab=01;31:*.wim=01;31:*.swm=01;31:*.dwm=01;31:*.esd=01;31:*.jpg=01;35:*.jpeg=01;35:*.mjpg=01;35:*.mjpeg=01;35:*.gif=01;35:*.bmp=01;35:*.pbm=01;35:*.pgm=01;35:*.ppm=01;35:*.tga=01;35:*.xbm=01;35:*.xpm=01;35:*.tif=01;35:*.tiff=01;35:*.png=01;35:*.svg=01;35:*.svgz=01;35:*.mng=01;35:*.pcx=01;35:*.mov=01;35:*.mpg=01;35:*.mpeg=01;35:*.m2v=01;35:*.mkv=01;35:*.webm=01;35:*.webp=01;35:*.ogm=01;35:*.mp4=01;35:*.m4v=01;35:*.mp4v=01;35:*.vob=01;35:*.qt=01;35:*.nuv=01;35:*.wmv=01;35:*.asf=01;35:*.rm=01;35:*.rmvb=01;35:*.flc=01;35:*.avi=01;35:*.fli=01;35:*.flv=01;35:*.gl=01;35:*.dl=01;35:*.xcf=01;35:*.xwd=01;35:*.yuv=01;35:*.cgm=01;35:*.emf=01;35:*.ogv=01;35:*.ogx=01;35:*.aac=00;36:*.au=00;36:*.flac=00;36:*.m4a=00;36:*.mid=00;36:*.midi=00;36:*.mka=00;36:*.mp3=00;36:*.mpc=00;36:*.ogg=00;36:*.ra=00;36:*.wav=00;36:*.oga=00;36:*.opus=00;36:*.spx=00;36:*.xspf=00;36:'), ('GNOME_TERMINAL_SERVICE', ':1.89'), ('SSH_AGENT_LAUNCHER', 'gnome-keyring'), ('SSH_AUTH_SOCK', '/run/user/1000/keyring/ssh'), ('AMENT_PREFIX_PATH', '/home/zheka/Smart-Mobility-Engineering-Lab/ros2_ws/install/more_interfaces:/opt/ros/humble'), ('SHELL', '/bin/bash'), ('LC_NAME', 'ko_KR.UTF-8'), ('QT_ACCESSIBILITY', '1'), ('GDMSESSION', 'ubuntu'), ('LESSCLOSE', '/usr/bin/lesspipe %s %s'), ('LC_MEASUREMENT', 'ko_KR.UTF-8'), ('LC_IDENTIFICATION', 'ko_KR.UTF-8'), ('QT_IM_MODULE', 'ibus'), ('PWD', '/home/zheka/Smart-Mobility-Engineering-Lab/ros2_ws/build/more_interfaces'), ('XDG_CONFIG_DIRS', '/etc/xdg/xdg-ubuntu:/etc/xdg'), ('XDG_DATA_DIRS', '/usr/share/ubuntu:/usr/local/share/:/usr/share/:/var/lib/snapd/desktop'), ('PYTHONPATH', '/home/zheka/Smart-Mobility-Engineering-Lab/ros2_ws/install/more_interfaces/local/lib/python3.10/dist-packages:/opt/ros/humble/lib/python3.10/site-packages:/opt/ros/humble/local/lib/python3.10/dist-packages'), ('LC_NUMERIC', 'ko_KR.UTF-8'), ('LC_PAPER', 'ko_KR.UTF-8'), ('COLCON', '1'), ('VTE_VERSION', '6800'), ('CMAKE_PREFIX_PATH', '/home/zheka/Smart-Mobility-Engineering-Lab/ros2_ws/install/more_interfaces')]), 'shell': False}
[0.126531] (tutorial_interfaces) StdoutLine: {'line': b"1: -- run_test.py: invoking following command in '/home/zheka/Smart-Mobility-Engineering-Lab/ros2_ws/src/tutorial_interfaces':\n"}
[0.126625] (tutorial_interfaces) StdoutLine: {'line': b'1:  - /opt/ros/humble/bin/ament_lint_cmake --xunit-file /home/zheka/Smart-Mobility-Engineering-Lab/ros2_ws/build/tutorial_interfaces/test_results/tutorial_interfaces/lint_cmake.xunit.xml\n'}
[0.131647] (more_interfaces) StdoutLine: {'line': b'UpdateCTestConfiguration  from :/home/zheka/Smart-Mobility-Engineering-Lab/ros2_ws/build/more_interfaces/CTestConfiguration.ini\n'}
[0.131765] (more_interfaces) StdoutLine: {'line': b'Parse Config file:/home/zheka/Smart-Mobility-Engineering-Lab/ros2_ws/build/more_interfaces/CTestConfiguration.ini\n'}
[0.131880] (more_interfaces) StdoutLine: {'line': b'   Site: zheka-virtual-machine\n'}
[0.131930] (more_interfaces) StdoutLine: {'line': b'   Build name: (empty)\n'}
[0.132288] (more_interfaces) StdoutLine: {'line': b' Add coverage exclude regular expressions.\n'}
[0.132395] (more_interfaces) StdoutLine: {'line': b'Create new tag: 20231019-1348 - Experimental\n'}
[0.132471] (more_interfaces) StdoutLine: {'line': b'UpdateCTestConfiguration  from :/home/zheka/Smart-Mobility-Engineering-Lab/ros2_ws/build/more_interfaces/CTestConfiguration.ini\n'}
[0.132520] (more_interfaces) StdoutLine: {'line': b'Parse Config file:/home/zheka/Smart-Mobility-Engineering-Lab/ros2_ws/build/more_interfaces/CTestConfiguration.ini\n'}
[0.132597] (more_interfaces) StdoutLine: {'line': b'Test project /home/zheka/Smart-Mobility-Engineering-Lab/ros2_ws/build/more_interfaces\n'}
[0.132678] (more_interfaces) StdoutLine: {'line': b'Constructing a list of tests\n'}
[0.132971] (more_interfaces) StdoutLine: {'line': b'Done constructing a list of tests\n'}
[0.133034] (more_interfaces) StdoutLine: {'line': b'Updating test list for fixtures\n'}
[0.133083] (more_interfaces) StdoutLine: {'line': b'Added 0 tests to meet fixture requirements\n'}
[0.133151] (more_interfaces) StdoutLine: {'line': b'Checking test dependency graph...\n'}
[0.133197] (more_interfaces) StdoutLine: {'line': b'Checking test dependency graph end\n'}
[0.133285] (more_interfaces) StdoutLine: {'line': b'test 1\n'}
[0.133350] (more_interfaces) StdoutLine: {'line': b'    Start 1: cppcheck\n'}
[0.133402] (more_interfaces) StdoutLine: {'line': b'\n'}
[0.133450] (more_interfaces) StdoutLine: {'line': b'1: Test command: /usr/bin/python3.10 "-u" "/opt/ros/humble/share/ament_cmake_test/cmake/run_test.py" "/home/zheka/Smart-Mobility-Engineering-Lab/ros2_ws/build/more_interfaces/test_results/more_interfaces/cppcheck.xunit.xml" "--package-name" "more_interfaces" "--output-file" "/home/zheka/Smart-Mobility-Engineering-Lab/ros2_ws/build/more_interfaces/ament_cppcheck/cppcheck.txt" "--command" "/opt/ros/humble/bin/ament_cppcheck" "--xunit-file" "/home/zheka/Smart-Mobility-Engineering-Lab/ros2_ws/build/more_interfaces/test_results/more_interfaces/cppcheck.xunit.xml"\n'}
[0.133504] (more_interfaces) StdoutLine: {'line': b'1: Test timeout computed to be: 300\n'}
[0.163541] (tutorial_interfaces) StdoutLine: {'line': b'1: \n'}
[0.163647] (tutorial_interfaces) StdoutLine: {'line': b'1: No problems found\n'}
[0.165976] (more_interfaces) StdoutLine: {'line': b"1: -- run_test.py: invoking following command in '/home/zheka/Smart-Mobility-Engineering-Lab/ros2_ws/src/more_interfaces':\n"}
[0.166097] (more_interfaces) StdoutLine: {'line': b'1:  - /opt/ros/humble/bin/ament_cppcheck --xunit-file /home/zheka/Smart-Mobility-Engineering-Lab/ros2_ws/build/more_interfaces/test_results/more_interfaces/cppcheck.xunit.xml\n'}
[0.170180] (tutorial_interfaces) StdoutLine: {'line': b'1: -- run_test.py: return code 0\n'}
[0.170271] (tutorial_interfaces) StdoutLine: {'line': b"1: -- run_test.py: verify result file '/home/zheka/Smart-Mobility-Engineering-Lab/ros2_ws/build/tutorial_interfaces/test_results/tutorial_interfaces/lint_cmake.xunit.xml'\n"}
[0.173850] (tutorial_interfaces) StdoutLine: {'line': b'1/2 Test #1: lint_cmake .......................   Passed    0.10 sec\n'}
[0.173940] (tutorial_interfaces) StdoutLine: {'line': b'test 2\n'}
[0.173974] (tutorial_interfaces) StdoutLine: {'line': b'    Start 2: xmllint\n'}
[0.174003] (tutorial_interfaces) StdoutLine: {'line': b'\n'}
[0.174030] (tutorial_interfaces) StdoutLine: {'line': b'2: Test command: /usr/bin/python3.10 "-u" "/opt/ros/humble/share/ament_cmake_test/cmake/run_test.py" "/home/zheka/Smart-Mobility-Engineering-Lab/ros2_ws/build/tutorial_interfaces/test_results/tutorial_interfaces/xmllint.xunit.xml" "--package-name" "tutorial_interfaces" "--output-file" "/home/zheka/Smart-Mobility-Engineering-Lab/ros2_ws/build/tutorial_interfaces/ament_xmllint/xmllint.txt" "--command" "/opt/ros/humble/bin/ament_xmllint" "--xunit-file" "/home/zheka/Smart-Mobility-Engineering-Lab/ros2_ws/build/tutorial_interfaces/test_results/tutorial_interfaces/xmllint.xunit.xml"\n'}
[0.174180] (tutorial_interfaces) StdoutLine: {'line': b'2: Test timeout computed to be: 60\n'}
[0.199183] (-) TimerEvent: {}
[0.204559] (tutorial_interfaces) StdoutLine: {'line': b"2: -- run_test.py: invoking following command in '/home/zheka/Smart-Mobility-Engineering-Lab/ros2_ws/src/tutorial_interfaces':\n"}
[0.204692] (tutorial_interfaces) StdoutLine: {'line': b'2:  - /opt/ros/humble/bin/ament_xmllint --xunit-file /home/zheka/Smart-Mobility-Engineering-Lab/ros2_ws/build/tutorial_interfaces/test_results/tutorial_interfaces/xmllint.xunit.xml\n'}
[0.228520] (more_interfaces) StdoutLine: {'line': b'1: cppcheck 2.7 has known performance issues and therefore will not be used, set the AMENT_CPPCHECK_ALLOW_SLOW_VERSIONS environment variable to override this.\n'}
[0.228681] (more_interfaces) StdoutLine: {'line': b'1: -- run_test.py: return code 0\n'}
[0.228722] (more_interfaces) StdoutLine: {'line': b"1: -- run_test.py: verify result file '/home/zheka/Smart-Mobility-Engineering-Lab/ros2_ws/build/more_interfaces/test_results/more_interfaces/cppcheck.xunit.xml'\n"}
[0.235321] (more_interfaces) StdoutLine: {'line': b'1/4 Test #1: cppcheck .........................   Passed    0.10 sec\n'}
[0.235468] (more_interfaces) StdoutLine: {'line': b'test 2\n'}
[0.235503] (more_interfaces) StdoutLine: {'line': b'    Start 2: lint_cmake\n'}
[0.235532] (more_interfaces) StdoutLine: {'line': b'\n'}
[0.235559] (more_interfaces) StdoutLine: {'line': b'2: Test command: /usr/bin/python3.10 "-u" "/opt/ros/humble/share/ament_cmake_test/cmake/run_test.py" "/home/zheka/Smart-Mobility-Engineering-Lab/ros2_ws/build/more_interfaces/test_results/more_interfaces/lint_cmake.xunit.xml" "--package-name" "more_interfaces" "--output-file" "/home/zheka/Smart-Mobility-Engineering-Lab/ros2_ws/build/more_interfaces/ament_lint_cmake/lint_cmake.txt" "--command" "/opt/ros/humble/bin/ament_lint_cmake" "--xunit-file" "/home/zheka/Smart-Mobility-Engineering-Lab/ros2_ws/build/more_interfaces/test_results/more_interfaces/lint_cmake.xunit.xml"\n'}
[0.235602] (more_interfaces) StdoutLine: {'line': b'2: Test timeout computed to be: 60\n'}
[0.265921] (more_interfaces) StdoutLine: {'line': b"2: -- run_test.py: invoking following command in '/home/zheka/Smart-Mobility-Engineering-Lab/ros2_ws/src/more_interfaces':\n"}
[0.266015] (more_interfaces) StdoutLine: {'line': b'2:  - /opt/ros/humble/bin/ament_lint_cmake --xunit-file /home/zheka/Smart-Mobility-Engineering-Lab/ros2_ws/build/more_interfaces/test_results/more_interfaces/lint_cmake.xunit.xml\n'}
[0.297878] (more_interfaces) StdoutLine: {'line': b'2: \n'}
[0.297958] (more_interfaces) StdoutLine: {'line': b'2: No problems found\n'}
[0.299401] (-) TimerEvent: {}
[0.306231] (more_interfaces) StdoutLine: {'line': b'2: -- run_test.py: return code 0\n'}
[0.306310] (more_interfaces) StdoutLine: {'line': b"2: -- run_test.py: verify result file '/home/zheka/Smart-Mobility-Engineering-Lab/ros2_ws/build/more_interfaces/test_results/more_interfaces/lint_cmake.xunit.xml'\n"}
[0.307370] (more_interfaces) StdoutLine: {'line': b'2/4 Test #2: lint_cmake .......................   Passed    0.07 sec\n'}
[0.307415] (more_interfaces) StdoutLine: {'line': b'test 3\n'}
[0.307442] (more_interfaces) StdoutLine: {'line': b'    Start 3: uncrustify\n'}
[0.307485] (more_interfaces) StdoutLine: {'line': b'\n'}
[0.307513] (more_interfaces) StdoutLine: {'line': b'3: Test command: /usr/bin/python3.10 "-u" "/opt/ros/humble/share/ament_cmake_test/cmake/run_test.py" "/home/zheka/Smart-Mobility-Engineering-Lab/ros2_ws/build/more_interfaces/test_results/more_interfaces/uncrustify.xunit.xml" "--package-name" "more_interfaces" "--output-file" "/home/zheka/Smart-Mobility-Engineering-Lab/ros2_ws/build/more_interfaces/ament_uncrustify/uncrustify.txt" "--command" "/opt/ros/humble/bin/ament_uncrustify" "--xunit-file" "/home/zheka/Smart-Mobility-Engineering-Lab/ros2_ws/build/more_interfaces/test_results/more_interfaces/uncrustify.xunit.xml"\n'}
[0.307556] (more_interfaces) StdoutLine: {'line': b'3: Test timeout computed to be: 60\n'}
[0.341038] (more_interfaces) StdoutLine: {'line': b"3: -- run_test.py: invoking following command in '/home/zheka/Smart-Mobility-Engineering-Lab/ros2_ws/src/more_interfaces':\n"}
[0.341126] (more_interfaces) StdoutLine: {'line': b'3:  - /opt/ros/humble/bin/ament_uncrustify --xunit-file /home/zheka/Smart-Mobility-Engineering-Lab/ros2_ws/build/more_interfaces/test_results/more_interfaces/uncrustify.xunit.xml\n'}
[0.386488] (more_interfaces) StdoutLine: {'line': b"3: No code style divergence in file 'src/publish_address_book.cpp'\n"}
[0.386622] (more_interfaces) StdoutLine: {'line': b'3: \n'}
[0.386659] (more_interfaces) StdoutLine: {'line': b'3: No problems found\n'}
[0.391607] (more_interfaces) StdoutLine: {'line': b'3: -- run_test.py: return code 0\n'}
[0.391699] (more_interfaces) StdoutLine: {'line': b"3: -- run_test.py: verify result file '/home/zheka/Smart-Mobility-Engineering-Lab/ros2_ws/build/more_interfaces/test_results/more_interfaces/uncrustify.xunit.xml'\n"}
[0.396471] (more_interfaces) StdoutLine: {'line': b'3/4 Test #3: uncrustify .......................   Passed    0.09 sec\n'}
[0.396525] (more_interfaces) StdoutLine: {'line': b'test 4\n'}
[0.396552] (more_interfaces) StdoutLine: {'line': b'    Start 4: xmllint\n'}
[0.396595] (more_interfaces) StdoutLine: {'line': b'\n'}
[0.396624] (more_interfaces) StdoutLine: {'line': b'4: Test command: /usr/bin/python3.10 "-u" "/opt/ros/humble/share/ament_cmake_test/cmake/run_test.py" "/home/zheka/Smart-Mobility-Engineering-Lab/ros2_ws/build/more_interfaces/test_results/more_interfaces/xmllint.xunit.xml" "--package-name" "more_interfaces" "--output-file" "/home/zheka/Smart-Mobility-Engineering-Lab/ros2_ws/build/more_interfaces/ament_xmllint/xmllint.txt" "--command" "/opt/ros/humble/bin/ament_xmllint" "--xunit-file" "/home/zheka/Smart-Mobility-Engineering-Lab/ros2_ws/build/more_interfaces/test_results/more_interfaces/xmllint.xunit.xml"\n'}
[0.396654] (more_interfaces) StdoutLine: {'line': b'4: Test timeout computed to be: 60\n'}
[0.399603] (-) TimerEvent: {}
[0.425206] (more_interfaces) StdoutLine: {'line': b"4: -- run_test.py: invoking following command in '/home/zheka/Smart-Mobility-Engineering-Lab/ros2_ws/src/more_interfaces':\n"}
[0.425299] (more_interfaces) StdoutLine: {'line': b'4:  - /opt/ros/humble/bin/ament_xmllint --xunit-file /home/zheka/Smart-Mobility-Engineering-Lab/ros2_ws/build/more_interfaces/test_results/more_interfaces/xmllint.xunit.xml\n'}
[0.500791] (-) TimerEvent: {}
[0.601778] (-) TimerEvent: {}
[0.703139] (-) TimerEvent: {}
[0.804831] (-) TimerEvent: {}
[0.907080] (-) TimerEvent: {}
[1.008707] (-) TimerEvent: {}
[1.109741] (-) TimerEvent: {}
[1.210799] (-) TimerEvent: {}
[1.312241] (-) TimerEvent: {}
[1.413302] (-) TimerEvent: {}
[1.514121] (-) TimerEvent: {}
[1.590191] (tutorial_interfaces) StdoutLine: {'line': b"2: File 'package.xml' is invalid:\n"}
[1.590460] (tutorial_interfaces) StdoutLine: {'line': b"2: /home/zheka/Smart-Mobility-Engineering-Lab/ros2_ws/src/tutorial_interfaces/package.xml:19: element depend: Schemas validity error : Element 'depend': This element is not expected.\n"}
[1.590563] (tutorial_interfaces) StdoutLine: {'line': b'2: /home/zheka/Smart-Mobility-Engineering-Lab/ros2_ws/src/tutorial_interfaces/package.xml fails to validate\n'}
[1.590648] (tutorial_interfaces) StdoutLine: {'line': b'2: \n'}
[1.590729] (more_interfaces) StdoutLine: {'line': b"4: File 'package.xml' is invalid:\n"}
[1.590814] (more_interfaces) StdoutLine: {'line': b"4: /home/zheka/Smart-Mobility-Engineering-Lab/ros2_ws/src/more_interfaces/package.xml:18: element test_depend: Schemas validity error : Element 'test_depend': This element is not expected. Expected is one of ( member_of_group, export ).\n"}
[1.590919] (more_interfaces) StdoutLine: {'line': b'4: /home/zheka/Smart-Mobility-Engineering-Lab/ros2_ws/src/more_interfaces/package.xml fails to validate\n'}
[1.590998] (more_interfaces) StdoutLine: {'line': b'4: \n'}
[1.591090] (tutorial_interfaces) StdoutLine: {'line': b'2: 1 files are invalid\n'}
[1.591167] (more_interfaces) StdoutLine: {'line': b'4: 1 files are invalid\n'}
[1.599253] (more_interfaces) StdoutLine: {'line': b'4: -- run_test.py: return code 1\n'}
[1.599503] (more_interfaces) StdoutLine: {'line': b"4: -- run_test.py: verify result file '/home/zheka/Smart-Mobility-Engineering-Lab/ros2_ws/build/more_interfaces/test_results/more_interfaces/xmllint.xunit.xml'\n"}
[1.602239] (tutorial_interfaces) StdoutLine: {'line': b'2: -- run_test.py: return code 1\n'}
[1.602438] (tutorial_interfaces) StdoutLine: {'line': b"2: -- run_test.py: verify result file '/home/zheka/Smart-Mobility-Engineering-Lab/ros2_ws/build/tutorial_interfaces/test_results/tutorial_interfaces/xmllint.xunit.xml'\n"}
[1.609790] (more_interfaces) StdoutLine: {'line': b'4/4 Test #4: xmllint ..........................***Failed    1.21 sec\n'}
[1.610125] (more_interfaces) StdoutLine: {'line': b'\n'}
[1.610207] (more_interfaces) StdoutLine: {'line': b'75% tests passed\x1b[0;0m, \x1b[0;31m1 tests failed\x1b[0;0m out of 4\n'}
[1.610266] (more_interfaces) StdoutLine: {'line': b'\n'}
[1.610323] (more_interfaces) StdoutLine: {'line': b'Label Time Summary:\n'}
[1.610377] (more_interfaces) StdoutLine: {'line': b'cppcheck      =   0.10 sec*proc (1 test)\n'}
[1.610432] (more_interfaces) StdoutLine: {'line': b'lint_cmake    =   0.07 sec*proc (1 test)\n'}
[1.610485] (more_interfaces) StdoutLine: {'line': b'linter        =   1.48 sec*proc (4 tests)\n'}
[1.610538] (more_interfaces) StdoutLine: {'line': b'uncrustify    =   0.09 sec*proc (1 test)\n'}
[1.610591] (more_interfaces) StdoutLine: {'line': b'xmllint       =   1.21 sec*proc (1 test)\n'}
[1.610643] (more_interfaces) StdoutLine: {'line': b'\n'}
[1.610697] (more_interfaces) StdoutLine: {'line': b'Total Test time (real) =   1.48 sec\n'}
[1.610781] (more_interfaces) StdoutLine: {'line': b'\n'}
[1.610835] (more_interfaces) StdoutLine: {'line': b'The following tests FAILED:\n'}
[1.610888] (more_interfaces) StdoutLine: {'line': b'\t\x1b[0;31m  4 - xmllint (Failed)\x1b[0;0m\n'}
[1.610973] (more_interfaces) StderrLine: {'line': b'Errors while running CTest\n'}
[1.611052] (more_interfaces) StderrLine: {'line': b'Output from these tests are in: /home/zheka/Smart-Mobility-Engineering-Lab/ros2_ws/build/more_interfaces/Testing/Temporary/LastTest.log\n'}
[1.611113] (more_interfaces) StderrLine: {'line': b'Use "--rerun-failed --output-on-failure" to re-run the failed cases verbosely.\n'}
[1.613869] (more_interfaces) CommandEnded: {'returncode': 8}
[1.614282] (-) TimerEvent: {}
[1.616227] (more_interfaces) TestFailure: {'identifier': 'more_interfaces'}
[1.616266] (more_interfaces) JobEnded: {'identifier': 'more_interfaces', 'rc': 0}
[1.617808] (python_parameters) JobStarted: {'identifier': 'python_parameters'}
[1.618020] (tutorial_interfaces) StdoutLine: {'line': b'2/2 Test #2: xmllint ..........................***Failed    1.44 sec\n'}
[1.618162] (tutorial_interfaces) StdoutLine: {'line': b'\n'}
[1.618578] (tutorial_interfaces) StdoutLine: {'line': b'50% tests passed\x1b[0;0m, \x1b[0;31m1 tests failed\x1b[0;0m out of 2\n'}
[1.618655] (tutorial_interfaces) StdoutLine: {'line': b'\n'}
[1.618725] (tutorial_interfaces) StdoutLine: {'line': b'Label Time Summary:\n'}
[1.618811] (tutorial_interfaces) StdoutLine: {'line': b'lint_cmake    =   0.10 sec*proc (1 test)\n'}
[1.618868] (tutorial_interfaces) StdoutLine: {'line': b'linter        =   1.53 sec*proc (2 tests)\n'}
[1.618933] (tutorial_interfaces) StdoutLine: {'line': b'xmllint       =   1.44 sec*proc (1 test)\n'}
[1.618996] (tutorial_interfaces) StdoutLine: {'line': b'\n'}
[1.619063] (tutorial_interfaces) StdoutLine: {'line': b'Total Test time (real) =   1.54 sec\n'}
[1.619125] (tutorial_interfaces) StdoutLine: {'line': b'\n'}
[1.619483] (tutorial_interfaces) StdoutLine: {'line': b'The following tests FAILED:\n'}
[1.619549] (tutorial_interfaces) StdoutLine: {'line': b'\t\x1b[0;31m  2 - xmllint (Failed)\x1b[0;0m\n'}
[1.619722] (tutorial_interfaces) StderrLine: {'line': b'Errors while running CTest\n'}
[1.619941] (tutorial_interfaces) StderrLine: {'line': b'Output from these tests are in: /home/zheka/Smart-Mobility-Engineering-Lab/ros2_ws/build/tutorial_interfaces/Testing/Temporary/LastTest.log\n'}
[1.620158] (tutorial_interfaces) StderrLine: {'line': b'Use "--rerun-failed --output-on-failure" to re-run the failed cases verbosely.\n'}
[1.650812] (tutorial_interfaces) CommandEnded: {'returncode': 8}
[1.651049] (tutorial_interfaces) TestFailure: {'identifier': 'tutorial_interfaces'}
[1.651073] (tutorial_interfaces) JobEnded: {'identifier': 'tutorial_interfaces', 'rc': 0}
[1.653394] (turtlesim) JobStarted: {'identifier': 'turtlesim'}
[1.714378] (-) TimerEvent: {}
[1.815435] (python_parameters) Command: {'cmd': ['/usr/bin/python3', '-m', 'pytest'], 'cwd': '/home/zheka/Smart-Mobility-Engineering-Lab/ros2_ws/src/python_parameters', 'env': {'LESSOPEN': '| /usr/bin/lesspipe %s', 'USER': 'zheka', 'LC_TIME': 'ko_KR.UTF-8', 'XDG_SESSION_TYPE': 'wayland', 'SHLVL': '1', 'LD_LIBRARY_PATH': '/opt/ros/humble/opt/rviz_ogre_vendor/lib:/opt/ros/humble/lib/aarch64-linux-gnu:/opt/ros/humble/lib', 'HOME': '/home/zheka', 'OLDPWD': '/home/zheka/Smart-Mobility-Engineering-Lab', 'DESKTOP_SESSION': 'ubuntu', 'ROS_PYTHON_VERSION': '3', 'GNOME_SHELL_SESSION_MODE': 'ubuntu', 'GTK_MODULES': 'gail:atk-bridge', 'LC_MONETARY': 'ko_KR.UTF-8', 'SYSTEMD_EXEC_PID': '1010', 'DBUS_SESSION_BUS_ADDRESS': 'unix:path=/run/user/1000/bus', 'COLORTERM': 'truecolor', '_colcon_cd_root': '/opt/ros/humble/', 'IM_CONFIG_PHASE': '1', 'WAYLAND_DISPLAY': 'wayland-0', 'ROS_DISTRO': 'humble', 'LOGNAME': 'zheka', '_': '/usr/bin/colcon', 'ROS_VERSION': '2', 'XDG_SESSION_CLASS': 'user', 'USERNAME': 'zheka', 'TERM': 'xterm-256color', 'GNOME_DESKTOP_SESSION_ID': 'this-is-deprecated', 'ROS_LOCALHOST_ONLY': '0', 'PATH': '/opt/ros/humble/bin:/usr/local/sbin:/usr/local/bin:/usr/sbin:/usr/bin:/sbin:/bin:/usr/games:/usr/local/games:/snap/bin:/snap/bin', 'SESSION_MANAGER': 'local/zheka-virtual-machine:@/tmp/.ICE-unix/979,unix/zheka-virtual-machine:/tmp/.ICE-unix/979', 'XDG_MENU_PREFIX': 'gnome-', 'LC_ADDRESS': 'ko_KR.UTF-8', 'GNOME_TERMINAL_SCREEN': '/org/gnome/Terminal/screen/9f77f5ec_00c6_4e1d_a7e1_cce16f46cf3c', 'GNOME_SETUP_DISPLAY': ':1', 'XDG_RUNTIME_DIR': '/run/user/1000', 'DISPLAY': ':0', 'LANG': 'en_US.UTF-8', 'XDG_CURRENT_DESKTOP': 'ubuntu:GNOME', 'LC_TELEPHONE': 'ko_KR.UTF-8', 'XMODIFIERS': '@im=ibus', 'XDG_SESSION_DESKTOP': 'ubuntu', 'XAUTHORITY': '/run/user/1000/.mutter-Xwaylandauth.0FT7C2', 'LS_COLORS': 'rs=0:di=01;34:ln=01;36:mh=00:pi=40;33:so=01;35:do=01;35:bd=40;33;01:cd=40;33;01:or=40;31;01:mi=00:su=37;41:sg=30;43:ca=30;41:tw=30;42:ow=34;42:st=37;44:ex=01;32:*.tar=01;31:*.tgz=01;31:*.arc=01;31:*.arj=01;31:*.taz=01;31:*.lha=01;31:*.lz4=01;31:*.lzh=01;31:*.lzma=01;31:*.tlz=01;31:*.txz=01;31:*.tzo=01;31:*.t7z=01;31:*.zip=01;31:*.z=01;31:*.dz=01;31:*.gz=01;31:*.lrz=01;31:*.lz=01;31:*.lzo=01;31:*.xz=01;31:*.zst=01;31:*.tzst=01;31:*.bz2=01;31:*.bz=01;31:*.tbz=01;31:*.tbz2=01;31:*.tz=01;31:*.deb=01;31:*.rpm=01;31:*.jar=01;31:*.war=01;31:*.ear=01;31:*.sar=01;31:*.rar=01;31:*.alz=01;31:*.ace=01;31:*.zoo=01;31:*.cpio=01;31:*.7z=01;31:*.rz=01;31:*.cab=01;31:*.wim=01;31:*.swm=01;31:*.dwm=01;31:*.esd=01;31:*.jpg=01;35:*.jpeg=01;35:*.mjpg=01;35:*.mjpeg=01;35:*.gif=01;35:*.bmp=01;35:*.pbm=01;35:*.pgm=01;35:*.ppm=01;35:*.tga=01;35:*.xbm=01;35:*.xpm=01;35:*.tif=01;35:*.tiff=01;35:*.png=01;35:*.svg=01;35:*.svgz=01;35:*.mng=01;35:*.pcx=01;35:*.mov=01;35:*.mpg=01;35:*.mpeg=01;35:*.m2v=01;35:*.mkv=01;35:*.webm=01;35:*.webp=01;35:*.ogm=01;35:*.mp4=01;35:*.m4v=01;35:*.mp4v=01;35:*.vob=01;35:*.qt=01;35:*.nuv=01;35:*.wmv=01;35:*.asf=01;35:*.rm=01;35:*.rmvb=01;35:*.flc=01;35:*.avi=01;35:*.fli=01;35:*.flv=01;35:*.gl=01;35:*.dl=01;35:*.xcf=01;35:*.xwd=01;35:*.yuv=01;35:*.cgm=01;35:*.emf=01;35:*.ogv=01;35:*.ogx=01;35:*.aac=00;36:*.au=00;36:*.flac=00;36:*.m4a=00;36:*.mid=00;36:*.midi=00;36:*.mka=00;36:*.mp3=00;36:*.mpc=00;36:*.ogg=00;36:*.ra=00;36:*.wav=00;36:*.oga=00;36:*.opus=00;36:*.spx=00;36:*.xspf=00;36:', 'GNOME_TERMINAL_SERVICE': ':1.89', 'SSH_AGENT_LAUNCHER': 'gnome-keyring', 'SSH_AUTH_SOCK': '/run/user/1000/keyring/ssh', 'AMENT_PREFIX_PATH': '/home/zheka/Smart-Mobility-Engineering-Lab/ros2_ws/install/python_parameters:/opt/ros/humble', 'SHELL': '/bin/bash', 'LC_NAME': 'ko_KR.UTF-8', 'QT_ACCESSIBILITY': '1', 'GDMSESSION': 'ubuntu', 'LESSCLOSE': '/usr/bin/lesspipe %s %s', 'LC_MEASUREMENT': 'ko_KR.UTF-8', 'LC_IDENTIFICATION': 'ko_KR.UTF-8', 'QT_IM_MODULE': 'ibus', 'PWD': '/home/zheka/Smart-Mobility-Engineering-Lab/ros2_ws/build/python_parameters', 'XDG_CONFIG_DIRS': '/etc/xdg/xdg-ubuntu:/etc/xdg', 'XDG_DATA_DIRS': '/usr/share/ubuntu:/usr/local/share/:/usr/share/:/var/lib/snapd/desktop', 'PYTHONPATH': '/home/zheka/Smart-Mobility-Engineering-Lab/ros2_ws/install/python_parameters/lib/python3.10/site-packages:/opt/ros/humble/lib/python3.10/site-packages:/opt/ros/humble/local/lib/python3.10/dist-packages', 'LC_NUMERIC': 'ko_KR.UTF-8', 'LC_PAPER': 'ko_KR.UTF-8', 'COLCON': '1', 'VTE_VERSION': '6800', 'PYTEST_ADDOPTS': '--tb=short --junit-xml=/home/zheka/Smart-Mobility-Engineering-Lab/ros2_ws/build/python_parameters/pytest.xml --junit-prefix=python_parameters -o cache_dir=/home/zheka/Smart-Mobility-Engineering-Lab/ros2_ws/build/python_parameters/.pytest_cache'}, 'shell': False}
[1.815992] (-) TimerEvent: {}
[1.827907] (turtlesim) JobEnded: {'identifier': 'turtlesim', 'rc': 0}
[1.828068] (urdf_tutorial) JobStarted: {'identifier': 'urdf_tutorial'}
[1.839025] (urdf_tutorial) StderrLine: {'line': b'Traceback (most recent call last):\n  File "/usr/lib/python3/dist-packages/colcon_core/executor/__init__.py", line 91, in __call__\n    rc = await self.task(*args, **kwargs)\n  File "/usr/lib/python3/dist-packages/colcon_core/task/__init__.py", line 93, in __call__\n    return await task_method(*args, **kwargs)\n  File "/usr/lib/python3/dist-packages/colcon_ros/task/ament_cmake/test.py", line 29, in test\n    return await extension.test()\n  File "/usr/lib/python3/dist-packages/colcon_cmake/task/cmake/test.py", line 45, in test\n    assert os.path.exists(args.build_base), \\\nAssertionError: Has this package been built before?\n'}
[1.839249] (urdf_tutorial) JobEnded: {'identifier': 'urdf_tutorial', 'rc': 1}
[1.839418] (py_pubsub) JobStarted: {'identifier': 'py_pubsub'}
[1.916089] (-) TimerEvent: {}
[2.018321] (-) TimerEvent: {}
[2.020812] (py_pubsub) Command: {'cmd': ['/usr/bin/python3', '-m', 'pytest'], 'cwd': '/home/zheka/Smart-Mobility-Engineering-Lab/ros2_ws/src/py_pubsub', 'env': {'LESSOPEN': '| /usr/bin/lesspipe %s', 'USER': 'zheka', 'LC_TIME': 'ko_KR.UTF-8', 'XDG_SESSION_TYPE': 'wayland', 'SHLVL': '1', 'LD_LIBRARY_PATH': '/home/zheka/Smart-Mobility-Engineering-Lab/ros2_ws/install/tutorial_interfaces/lib:/opt/ros/humble/opt/rviz_ogre_vendor/lib:/opt/ros/humble/lib/aarch64-linux-gnu:/opt/ros/humble/lib', 'HOME': '/home/zheka', 'OLDPWD': '/home/zheka/Smart-Mobility-Engineering-Lab', 'DESKTOP_SESSION': 'ubuntu', 'ROS_PYTHON_VERSION': '3', 'GNOME_SHELL_SESSION_MODE': 'ubuntu', 'GTK_MODULES': 'gail:atk-bridge', 'LC_MONETARY': 'ko_KR.UTF-8', 'SYSTEMD_EXEC_PID': '1010', 'DBUS_SESSION_BUS_ADDRESS': 'unix:path=/run/user/1000/bus', 'COLORTERM': 'truecolor', '_colcon_cd_root': '/opt/ros/humble/', 'IM_CONFIG_PHASE': '1', 'WAYLAND_DISPLAY': 'wayland-0', 'ROS_DISTRO': 'humble', 'LOGNAME': 'zheka', '_': '/usr/bin/colcon', 'ROS_VERSION': '2', 'XDG_SESSION_CLASS': 'user', 'USERNAME': 'zheka', 'TERM': 'xterm-256color', 'GNOME_DESKTOP_SESSION_ID': 'this-is-deprecated', 'ROS_LOCALHOST_ONLY': '0', 'PATH': '/opt/ros/humble/bin:/usr/local/sbin:/usr/local/bin:/usr/sbin:/usr/bin:/sbin:/bin:/usr/games:/usr/local/games:/snap/bin:/snap/bin', 'SESSION_MANAGER': 'local/zheka-virtual-machine:@/tmp/.ICE-unix/979,unix/zheka-virtual-machine:/tmp/.ICE-unix/979', 'XDG_MENU_PREFIX': 'gnome-', 'LC_ADDRESS': 'ko_KR.UTF-8', 'GNOME_TERMINAL_SCREEN': '/org/gnome/Terminal/screen/9f77f5ec_00c6_4e1d_a7e1_cce16f46cf3c', 'GNOME_SETUP_DISPLAY': ':1', 'XDG_RUNTIME_DIR': '/run/user/1000', 'DISPLAY': ':0', 'LANG': 'en_US.UTF-8', 'XDG_CURRENT_DESKTOP': 'ubuntu:GNOME', 'LC_TELEPHONE': 'ko_KR.UTF-8', 'XMODIFIERS': '@im=ibus', 'XDG_SESSION_DESKTOP': 'ubuntu', 'XAUTHORITY': '/run/user/1000/.mutter-Xwaylandauth.0FT7C2', 'LS_COLORS': 'rs=0:di=01;34:ln=01;36:mh=00:pi=40;33:so=01;35:do=01;35:bd=40;33;01:cd=40;33;01:or=40;31;01:mi=00:su=37;41:sg=30;43:ca=30;41:tw=30;42:ow=34;42:st=37;44:ex=01;32:*.tar=01;31:*.tgz=01;31:*.arc=01;31:*.arj=01;31:*.taz=01;31:*.lha=01;31:*.lz4=01;31:*.lzh=01;31:*.lzma=01;31:*.tlz=01;31:*.txz=01;31:*.tzo=01;31:*.t7z=01;31:*.zip=01;31:*.z=01;31:*.dz=01;31:*.gz=01;31:*.lrz=01;31:*.lz=01;31:*.lzo=01;31:*.xz=01;31:*.zst=01;31:*.tzst=01;31:*.bz2=01;31:*.bz=01;31:*.tbz=01;31:*.tbz2=01;31:*.tz=01;31:*.deb=01;31:*.rpm=01;31:*.jar=01;31:*.war=01;31:*.ear=01;31:*.sar=01;31:*.rar=01;31:*.alz=01;31:*.ace=01;31:*.zoo=01;31:*.cpio=01;31:*.7z=01;31:*.rz=01;31:*.cab=01;31:*.wim=01;31:*.swm=01;31:*.dwm=01;31:*.esd=01;31:*.jpg=01;35:*.jpeg=01;35:*.mjpg=01;35:*.mjpeg=01;35:*.gif=01;35:*.bmp=01;35:*.pbm=01;35:*.pgm=01;35:*.ppm=01;35:*.tga=01;35:*.xbm=01;35:*.xpm=01;35:*.tif=01;35:*.tiff=01;35:*.png=01;35:*.svg=01;35:*.svgz=01;35:*.mng=01;35:*.pcx=01;35:*.mov=01;35:*.mpg=01;35:*.mpeg=01;35:*.m2v=01;35:*.mkv=01;35:*.webm=01;35:*.webp=01;35:*.ogm=01;35:*.mp4=01;35:*.m4v=01;35:*.mp4v=01;35:*.vob=01;35:*.qt=01;35:*.nuv=01;35:*.wmv=01;35:*.asf=01;35:*.rm=01;35:*.rmvb=01;35:*.flc=01;35:*.avi=01;35:*.fli=01;35:*.flv=01;35:*.gl=01;35:*.dl=01;35:*.xcf=01;35:*.xwd=01;35:*.yuv=01;35:*.cgm=01;35:*.emf=01;35:*.ogv=01;35:*.ogx=01;35:*.aac=00;36:*.au=00;36:*.flac=00;36:*.m4a=00;36:*.mid=00;36:*.midi=00;36:*.mka=00;36:*.mp3=00;36:*.mpc=00;36:*.ogg=00;36:*.ra=00;36:*.wav=00;36:*.oga=00;36:*.opus=00;36:*.spx=00;36:*.xspf=00;36:', 'GNOME_TERMINAL_SERVICE': ':1.89', 'SSH_AGENT_LAUNCHER': 'gnome-keyring', 'SSH_AUTH_SOCK': '/run/user/1000/keyring/ssh', 'AMENT_PREFIX_PATH': '/home/zheka/Smart-Mobility-Engineering-Lab/ros2_ws/install/py_pubsub:/home/zheka/Smart-Mobility-Engineering-Lab/ros2_ws/install/tutorial_interfaces:/opt/ros/humble', 'SHELL': '/bin/bash', 'LC_NAME': 'ko_KR.UTF-8', 'QT_ACCESSIBILITY': '1', 'GDMSESSION': 'ubuntu', 'LESSCLOSE': '/usr/bin/lesspipe %s %s', 'LC_MEASUREMENT': 'ko_KR.UTF-8', 'LC_IDENTIFICATION': 'ko_KR.UTF-8', 'QT_IM_MODULE': 'ibus', 'PWD': '/home/zheka/Smart-Mobility-Engineering-Lab/ros2_ws/build/py_pubsub', 'XDG_CONFIG_DIRS': '/etc/xdg/xdg-ubuntu:/etc/xdg', 'XDG_DATA_DIRS': '/usr/share/ubuntu:/usr/local/share/:/usr/share/:/var/lib/snapd/desktop', 'PYTHONPATH': '/home/zheka/Smart-Mobility-Engineering-Lab/ros2_ws/install/py_pubsub/lib/python3.10/site-packages:/home/zheka/Smart-Mobility-Engineering-Lab/ros2_ws/install/tutorial_interfaces/local/lib/python3.10/dist-packages:/opt/ros/humble/lib/python3.10/site-packages:/opt/ros/humble/local/lib/python3.10/dist-packages', 'LC_NUMERIC': 'ko_KR.UTF-8', 'LC_PAPER': 'ko_KR.UTF-8', 'COLCON': '1', 'VTE_VERSION': '6800', 'CMAKE_PREFIX_PATH': '/home/zheka/Smart-Mobility-Engineering-Lab/ros2_ws/install/tutorial_interfaces', 'PYTEST_ADDOPTS': '--tb=short --junit-xml=/home/zheka/Smart-Mobility-Engineering-Lab/ros2_ws/build/py_pubsub/pytest.xml --junit-prefix=py_pubsub -o cache_dir=/home/zheka/Smart-Mobility-Engineering-Lab/ros2_ws/build/py_pubsub/.pytest_cache'}, 'shell': False}
[2.021133] (python_parameters) StdoutLine: {'line': b'\x1b[1m============================= test session starts ==============================\x1b[0m\n'}
[2.021178] (python_parameters) StdoutLine: {'line': b'platform linux -- Python 3.10.12, pytest-6.2.5, py-1.10.0, pluggy-0.13.0\n'}
[2.023179] (python_parameters) StdoutLine: {'line': b'cachedir: /home/zheka/Smart-Mobility-Engineering-Lab/ros2_ws/build/python_parameters/.pytest_cache\n'}
[2.023240] (python_parameters) StdoutLine: {'line': b'rootdir: /home/zheka/Smart-Mobility-Engineering-Lab/ros2_ws/src/python_parameters\n'}
[2.023271] (python_parameters) StdoutLine: {'line': b'plugins: ament-lint-0.12.8, ament-copyright-0.12.8, ament-flake8-0.12.8, launch-testing-1.0.4, ament-pep257-0.12.8, ament-xmllint-0.12.8, launch-testing-ros-0.19.6, cov-3.0.0, colcon-core-0.15.0\n'}
[2.076313] (python_parameters) StdoutLine: {'line': b'\x1b[1mcollecting ... \x1b[0m\x1b[1m\n'}
[2.076442] (python_parameters) StdoutLine: {'line': b'collected 3 items                                                              \x1b[0m\n'}
[2.076672] (python_parameters) StdoutLine: {'line': b'\n'}
[2.080317] (python_parameters) StdoutLine: {'line': b'test/test_copyright.py \x1b[33ms\x1b[0m\x1b[32m                                                 [ 33%]\x1b[0m\n'}
[2.122129] (-) TimerEvent: {}
[2.158538] (python_parameters) StdoutLine: {'line': b'test/test_flake8.py \x1b[31mF\x1b[0m\x1b[31m                                                    [ 66%]\x1b[0m\n'}
[2.169217] (python_parameters) StdoutLine: {'line': b'test/test_pep257.py \x1b[32m.\x1b[0m\x1b[31m                                                    [100%]\x1b[0m\n'}
[2.169418] (python_parameters) StdoutLine: {'line': b'\n'}
[2.169454] (python_parameters) StdoutLine: {'line': b'=================================== FAILURES ===================================\n'}
[2.169485] (python_parameters) StdoutLine: {'line': b'\x1b[31m\x1b[1m_________________________________ test_flake8 __________________________________\x1b[0m\n'}
[2.169515] (python_parameters) StdoutLine: {'line': b'\x1b[1m\x1b[31mtest/test_flake8.py\x1b[0m:23: in test_flake8\n'}
[2.180233] (py_pubsub) StdoutLine: {'line': b'\x1b[1m============================= test session starts ==============================\x1b[0m\n'}
[2.180344] (py_pubsub) StdoutLine: {'line': b'platform linux -- Python 3.10.12, pytest-6.2.5, py-1.10.0, pluggy-0.13.0\n'}
[2.182378] (py_pubsub) StdoutLine: {'line': b'cachedir: /home/zheka/Smart-Mobility-Engineering-Lab/ros2_ws/build/py_pubsub/.pytest_cache\n'}
[2.182427] (py_pubsub) StdoutLine: {'line': b'rootdir: /home/zheka/Smart-Mobility-Engineering-Lab/ros2_ws/src/py_pubsub\n'}
[2.182460] (py_pubsub) StdoutLine: {'line': b'plugins: ament-lint-0.12.8, ament-copyright-0.12.8, ament-flake8-0.12.8, launch-testing-1.0.4, ament-pep257-0.12.8, ament-xmllint-0.12.8, launch-testing-ros-0.19.6, cov-3.0.0, colcon-core-0.15.0\n'}
[2.197161] (python_parameters) StdoutLine: {'line': b'    \x1b[94massert\x1b[39;49;00m rc == \x1b[94m0\x1b[39;49;00m, \\\n'}
[2.197275] (python_parameters) StdoutLine: {'line': b'\x1b[1m\x1b[31mE   AssertionError: Found 8 code style errors / warnings:\x1b[0m\n'}
[2.197310] (python_parameters) StdoutLine: {'line': b'\x1b[1m\x1b[31mE     ./setup.py:15:1: W191 indentation contains tabs\x1b[0m\n'}
[2.197367] (python_parameters) StdoutLine: {'line': b'\x1b[1m\x1b[31mE     ./setup.py:15:1: E101 indentation contains mixed spaces and tabs\x1b[0m\n'}
[2.197398] (python_parameters) StdoutLine: {'line': b'\x1b[1m\x1b[31mE     ./setup.py:26:1: W191 indentation contains tabs\x1b[0m\n'}
[2.197425] (python_parameters) StdoutLine: {'line': b'\x1b[1m\x1b[31mE     ./setup.py:26:1: E101 indentation contains mixed spaces and tabs\x1b[0m\n'}
[2.197452] (python_parameters) StdoutLine: {'line': b'\x1b[1m\x1b[31mE     ./launch/python_parameters_launch.py:4:1: E302 expected 2 blank lines, found 1\x1b[0m\n'}
[2.197479] (python_parameters) StdoutLine: {'line': b'\x1b[1m\x1b[31mE     ./python_parameters/python_parameters_node.py:4:1: E302 expected 2 blank lines, found 1\x1b[0m\n'}
[2.197506] (python_parameters) StdoutLine: {'line': b'\x1b[1m\x1b[31mE     ./python_parameters/python_parameters_node.py:25:1: E302 expected 2 blank lines, found 1\x1b[0m\n'}
[2.197582] (python_parameters) StdoutLine: {'line': b'\x1b[1m\x1b[31mE     ./python_parameters/python_parameters_node.py:30:1: E305 expected 2 blank lines after class or function definition, found 1\x1b[0m\n'}
[2.197641] (python_parameters) StdoutLine: {'line': b'\x1b[1m\x1b[31mE   assert 1 == 0\x1b[0m\n'}
[2.197731] (python_parameters) StdoutLine: {'line': b'----------------------------- Captured stdout call -----------------------------\n'}
[2.197796] (python_parameters) StdoutLine: {'line': b'\n'}
[2.197843] (python_parameters) StdoutLine: {'line': b'./setup.py:15:1: W191 indentation contains tabs\n'}
[2.197891] (python_parameters) StdoutLine: {'line': b"\t(os.path.join('share', package_name), glob('launch/*launch.[pxy][yma]*')),\n"}
[2.197935] (python_parameters) StdoutLine: {'line': b'^\n'}
[2.197975] (python_parameters) StdoutLine: {'line': b'\n'}
[2.198018] (python_parameters) StdoutLine: {'line': b'./setup.py:15:1: E101 indentation contains mixed spaces and tabs\n'}
[2.198089] (python_parameters) StdoutLine: {'line': b"\t(os.path.join('share', package_name), glob('launch/*launch.[pxy][yma]*')),\n"}
[2.198134] (python_parameters) StdoutLine: {'line': b'^\n'}
[2.198172] (python_parameters) StdoutLine: {'line': b'\n'}
[2.198217] (python_parameters) StdoutLine: {'line': b'./setup.py:26:1: W191 indentation contains tabs\n'}
[2.198275] (python_parameters) StdoutLine: {'line': b"\t    'minimal_param_node = python_parameters.python_parameters_node:main',\n"}
[2.198319] (python_parameters) StdoutLine: {'line': b'^\n'}
[2.198359] (python_parameters) StdoutLine: {'line': b'\n'}
[2.198403] (python_parameters) StdoutLine: {'line': b'./setup.py:26:1: E101 indentation contains mixed spaces and tabs\n'}
[2.198451] (python_parameters) StdoutLine: {'line': b"\t    'minimal_param_node = python_parameters.python_parameters_node:main',\n"}
[2.198495] (python_parameters) StdoutLine: {'line': b'^\n'}
[2.198535] (python_parameters) StdoutLine: {'line': b'\n'}
[2.198579] (python_parameters) StdoutLine: {'line': b'./launch/python_parameters_launch.py:4:1: E302 expected 2 blank lines, found 1\n'}
[2.198623] (python_parameters) StdoutLine: {'line': b'def generate_launch_description():\n'}
[2.198666] (python_parameters) StdoutLine: {'line': b'^\n'}
[2.198706] (python_parameters) StdoutLine: {'line': b'\n'}
[2.198750] (python_parameters) StdoutLine: {'line': b'./python_parameters/python_parameters_node.py:4:1: E302 expected 2 blank lines, found 1\n'}
[2.198793] (python_parameters) StdoutLine: {'line': b'class MinimalParam(rclpy.node.Node):\n'}
[2.198835] (python_parameters) StdoutLine: {'line': b'^\n'}
[2.198872] (python_parameters) StdoutLine: {'line': b'\n'}
[2.198914] (python_parameters) StdoutLine: {'line': b'./python_parameters/python_parameters_node.py:25:1: E302 expected 2 blank lines, found 1\n'}
[2.198966] (python_parameters) StdoutLine: {'line': b'def main():\n'}
[2.199008] (python_parameters) StdoutLine: {'line': b'^\n'}
[2.199046] (python_parameters) StdoutLine: {'line': b'\n'}
[2.199088] (python_parameters) StdoutLine: {'line': b'./python_parameters/python_parameters_node.py:30:1: E305 expected 2 blank lines after class or function definition, found 1\n'}
[2.199131] (python_parameters) StdoutLine: {'line': b"if __name__ == '__main__':\n"}
[2.199173] (python_parameters) StdoutLine: {'line': b'^\n'}
[2.199210] (python_parameters) StdoutLine: {'line': b'\n'}
[2.199252] (python_parameters) StdoutLine: {'line': b'2     E101 indentation contains mixed spaces and tabs\n'}
[2.199295] (python_parameters) StdoutLine: {'line': b'3     E302 expected 2 blank lines, found 1\n'}
[2.199337] (python_parameters) StdoutLine: {'line': b'1     E305 expected 2 blank lines after class or function definition, found 1\n'}
[2.199379] (python_parameters) StdoutLine: {'line': b'2     W191 indentation contains tabs\n'}
[2.199417] (python_parameters) StdoutLine: {'line': b'\n'}
[2.199459] (python_parameters) StdoutLine: {'line': b'7 files checked\n'}
[2.199500] (python_parameters) StdoutLine: {'line': b'8 errors\n'}
[2.199539] (python_parameters) StdoutLine: {'line': b'\n'}
[2.199580] (python_parameters) StdoutLine: {'line': b"'E'-type errors: 6\n"}
[2.199622] (python_parameters) StdoutLine: {'line': b"'W'-type errors: 2\n"}
[2.199659] (python_parameters) StdoutLine: {'line': b'\n'}
[2.199701] (python_parameters) StdoutLine: {'line': b'Checked files:\n'}
[2.199738] (python_parameters) StdoutLine: {'line': b'\n'}
[2.199780] (python_parameters) StdoutLine: {'line': b'* ./setup.py\n'}
[2.199821] (python_parameters) StdoutLine: {'line': b'* ./test/test_flake8.py\n'}
[2.199887] (python_parameters) StdoutLine: {'line': b'* ./test/test_copyright.py\n'}
[2.199929] (python_parameters) StdoutLine: {'line': b'* ./test/test_pep257.py\n'}
[2.199971] (python_parameters) StdoutLine: {'line': b'* ./launch/python_parameters_launch.py\n'}
[2.200013] (python_parameters) StdoutLine: {'line': b'* ./python_parameters/__init__.py\n'}
[2.200080] (python_parameters) StdoutLine: {'line': b'* ./python_parameters/python_parameters_node.py\n'}
[2.200157] (python_parameters) StdoutLine: {'line': b'----------------------------- Captured stderr call -----------------------------\n'}
[2.200211] (python_parameters) StdoutLine: {'line': b'option --max-complexity: please update from optparse string `type=` to argparse callable `type=` -- this will be an error in the future\n'}
[2.200452] (python_parameters) StderrLine: {'line': b'\x1b[33m=============================== warnings summary ===============================\x1b[0m\n'}
[2.200513] (python_parameters) StderrLine: {'line': b'test/test_flake8.py::test_flake8\n'}
[2.200543] (python_parameters) StderrLine: {'line': b'test/test_flake8.py::test_flake8\n'}
[2.200570] (python_parameters) StderrLine: {'line': b'  Warning: SelectableGroups dict interface is deprecated. Use select.\n'}
[2.200600] (python_parameters) StderrLine: {'line': b'\n'}
[2.200627] (python_parameters) StderrLine: {'line': b'-- Docs: https://docs.pytest.org/en/stable/warnings.html\n'}
[2.200710] (python_parameters) StdoutLine: {'line': b'- generated xml file: /home/zheka/Smart-Mobility-Engineering-Lab/ros2_ws/build/python_parameters/pytest.xml -\n'}
[2.200863] (python_parameters) StdoutLine: {'line': b'=========================== short test summary info ============================\n'}
[2.200931] (python_parameters) StdoutLine: {'line': b'FAILED test/test_flake8.py::test_flake8 - AssertionError: Found 8 code style ...\n'}
[2.201055] (python_parameters) StdoutLine: {'line': b'\x1b[31m============== \x1b[31m\x1b[1m1 failed\x1b[0m, \x1b[32m1 passed\x1b[0m, \x1b[33m1 skipped\x1b[0m, \x1b[33m2 warnings\x1b[0m\x1b[31m in 0.18s\x1b[0m\x1b[31m ==============\x1b[0m\n'}
[2.219044] (py_pubsub) StdoutLine: {'line': b'\x1b[1mcollecting ... \x1b[0m\x1b[1m\n'}
[2.219136] (py_pubsub) StdoutLine: {'line': b'collected 3 items                                                              \x1b[0m\n'}
[2.219199] (py_pubsub) StdoutLine: {'line': b'\n'}
[2.222201] (-) TimerEvent: {}
[2.222788] (py_pubsub) StdoutLine: {'line': b'test/test_copyright.py \x1b[33ms\x1b[0m\x1b[32m                                                 [ 33%]\x1b[0m\n'}
[2.242084] (python_parameters) CommandEnded: {'returncode': 1}
[2.242264] (python_parameters) TestFailure: {'identifier': 'python_parameters'}
[2.242278] (python_parameters) JobEnded: {'identifier': 'python_parameters', 'rc': 0}
[2.242474] (py_srvcli) JobStarted: {'identifier': 'py_srvcli'}
[2.298903] (py_pubsub) StdoutLine: {'line': b'test/test_flake8.py \x1b[31mF\x1b[0m\x1b[31m                                                    [ 66%]\x1b[0m\n'}
[2.310035] (py_pubsub) StdoutLine: {'line': b'test/test_pep257.py \x1b[31mF\x1b[0m\x1b[31m                                                    [100%]\x1b[0m\n'}
[2.310189] (py_pubsub) StdoutLine: {'line': b'\n'}
[2.310264] (py_pubsub) StdoutLine: {'line': b'=================================== FAILURES ===================================\n'}
[2.310337] (py_pubsub) StdoutLine: {'line': b'\x1b[31m\x1b[1m_________________________________ test_flake8 __________________________________\x1b[0m\n'}
[2.310402] (py_pubsub) StdoutLine: {'line': b'\x1b[1m\x1b[31mtest/test_flake8.py\x1b[0m:23: in test_flake8\n'}
[2.322270] (-) TimerEvent: {}
[2.331057] (py_pubsub) StdoutLine: {'line': b'    \x1b[94massert\x1b[39;49;00m rc == \x1b[94m0\x1b[39;49;00m, \\\n'}
[2.331161] (py_pubsub) StdoutLine: {'line': b'\x1b[1m\x1b[31mE   AssertionError: Found 1 code style errors / warnings:\x1b[0m\n'}
[2.331224] (py_pubsub) StdoutLine: {'line': b'\x1b[1m\x1b[31mE     ./py_pubsub/subscriber_member_function.py:72:13: E117 over-indented\x1b[0m\n'}
[2.331287] (py_pubsub) StdoutLine: {'line': b'\x1b[1m\x1b[31mE   assert 1 == 0\x1b[0m\n'}
[2.331359] (py_pubsub) StdoutLine: {'line': b'----------------------------- Captured stdout call -----------------------------\n'}
[2.331408] (py_pubsub) StdoutLine: {'line': b'\n'}
[2.331452] (py_pubsub) StdoutLine: {'line': b'./py_pubsub/subscriber_member_function.py:72:13: E117 over-indented\n'}
[2.331495] (py_pubsub) StdoutLine: {'line': b'            self.get_logger().info(\'I heard: "%d"\' % msg.num)  # CHANGE\n'}
[2.331539] (py_pubsub) StdoutLine: {'line': b'            ^\n'}
[2.331578] (py_pubsub) StdoutLine: {'line': b'\n'}
[2.331620] (py_pubsub) StdoutLine: {'line': b'1     E117 over-indented\n'}
[2.331659] (py_pubsub) StdoutLine: {'line': b'\n'}
[2.331700] (py_pubsub) StdoutLine: {'line': b'7 files checked\n'}
[2.331742] (py_pubsub) StdoutLine: {'line': b'1 errors\n'}
[2.331780] (py_pubsub) StdoutLine: {'line': b'\n'}
[2.331822] (py_pubsub) StdoutLine: {'line': b"'E'-type errors: 1\n"}
[2.331860] (py_pubsub) StdoutLine: {'line': b'\n'}
[2.331901] (py_pubsub) StdoutLine: {'line': b'Checked files:\n'}
[2.331940] (py_pubsub) StdoutLine: {'line': b'\n'}
[2.331981] (py_pubsub) StdoutLine: {'line': b'* ./setup.py\n'}
[2.332022] (py_pubsub) StdoutLine: {'line': b'* ./py_pubsub/__init__.py\n'}
[2.332065] (py_pubsub) StdoutLine: {'line': b'* ./py_pubsub/subscriber_member_function.py\n'}
[2.332107] (py_pubsub) StdoutLine: {'line': b'* ./py_pubsub/publisher_member_function.py\n'}
[2.332148] (py_pubsub) StdoutLine: {'line': b'* ./test/test_flake8.py\n'}
[2.332190] (py_pubsub) StdoutLine: {'line': b'* ./test/test_copyright.py\n'}
[2.332237] (py_pubsub) StdoutLine: {'line': b'* ./test/test_pep257.py\n'}
[2.332293] (py_pubsub) StdoutLine: {'line': b'----------------------------- Captured stderr call -----------------------------\n'}
[2.332343] (py_pubsub) StdoutLine: {'line': b'option --max-complexity: please update from optparse string `type=` to argparse callable `type=` -- this will be an error in the future\n'}
[2.332411] (py_pubsub) StdoutLine: {'line': b'\x1b[31m\x1b[1m_________________________________ test_pep257 __________________________________\x1b[0m\n'}
[2.332470] (py_pubsub) StdoutLine: {'line': b'\x1b[1m\x1b[31mtest/test_pep257.py\x1b[0m:23: in test_pep257\n'}
[2.332603] (py_pubsub) StdoutLine: {'line': b"    \x1b[94massert\x1b[39;49;00m rc == \x1b[94m0\x1b[39;49;00m, \x1b[33m'\x1b[39;49;00m\x1b[33mFound code style errors / warnings\x1b[39;49;00m\x1b[33m'\x1b[39;49;00m\n"}
[2.332665] (py_pubsub) StdoutLine: {'line': b'\x1b[1m\x1b[31mE   AssertionError: Found code style errors / warnings\x1b[0m\n'}
[2.332720] (py_pubsub) StdoutLine: {'line': b'\x1b[1m\x1b[31mE   assert 1 == 0\x1b[0m\n'}
[2.332781] (py_pubsub) StdoutLine: {'line': b'----------------------------- Captured stdout call -----------------------------\n'}
[2.332834] (py_pubsub) StdoutLine: {'line': b'checking ./py_pubsub/__init__.py\n'}
[2.332878] (py_pubsub) StdoutLine: {'line': b'checking ./py_pubsub/publisher_member_function.py\n'}
[2.332927] (py_pubsub) StdoutLine: {'line': b'./py_pubsub/publisher_member_function.py:15 at module level: D205: 1 blank line required between summary line and description (found 0)\n'}
[2.332969] (py_pubsub) StdoutLine: {'line': b"./py_pubsub/publisher_member_function.py:15 at module level: D400: First line should end with a period (not 'y')\n"}
[2.333015] (py_pubsub) StdoutLine: {'line': b"./py_pubsub/publisher_member_function.py:15 at module level: D415: First line should end with a period, question mark, or exclamation point (not 'y')\n"}
[2.333057] (py_pubsub) StdoutLine: {'line': b'checking ./py_pubsub/subscriber_member_function.py\n'}
[2.333099] (py_pubsub) StdoutLine: {'line': b'./py_pubsub/subscriber_member_function.py:14 at module level: D205: 1 blank line required between summary line and description (found 0)\n'}
[2.333141] (py_pubsub) StdoutLine: {'line': b"./py_pubsub/subscriber_member_function.py:14 at module level: D400: First line should end with a period (not 'y')\n"}
[2.333183] (py_pubsub) StdoutLine: {'line': b"./py_pubsub/subscriber_member_function.py:14 at module level: D415: First line should end with a period, question mark, or exclamation point (not 'y')\n"}
[2.333228] (py_pubsub) StdoutLine: {'line': b'checking ./setup.py\n'}
[2.333270] (py_pubsub) StdoutLine: {'line': b'checking ./test/test_copyright.py\n'}
[2.333312] (py_pubsub) StdoutLine: {'line': b'checking ./test/test_flake8.py\n'}
[2.333353] (py_pubsub) StdoutLine: {'line': b'checking ./test/test_pep257.py\n'}
[2.333394] (py_pubsub) StdoutLine: {'line': b'checking test/test_copyright.py\n'}
[2.333436] (py_pubsub) StdoutLine: {'line': b'checking test/test_flake8.py\n'}
[2.333478] (py_pubsub) StdoutLine: {'line': b'checking test/test_pep257.py\n'}
[2.333526] (py_pubsub) StdoutLine: {'line': b'6 errors\n'}
[2.333665] (py_pubsub) StderrLine: {'line': b'\x1b[33m=============================== warnings summary ===============================\x1b[0m\n'}
[2.333732] (py_pubsub) StderrLine: {'line': b'test/test_flake8.py::test_flake8\n'}
[2.333782] (py_pubsub) StderrLine: {'line': b'test/test_flake8.py::test_flake8\n'}
[2.333834] (py_pubsub) StderrLine: {'line': b'  Warning: SelectableGroups dict interface is deprecated. Use select.\n'}
[2.333879] (py_pubsub) StderrLine: {'line': b'\n'}
[2.333928] (py_pubsub) StderrLine: {'line': b'-- Docs: https://docs.pytest.org/en/stable/warnings.html\n'}
[2.334011] (py_pubsub) StdoutLine: {'line': b'- generated xml file: /home/zheka/Smart-Mobility-Engineering-Lab/ros2_ws/build/py_pubsub/pytest.xml -\n'}
[2.334185] (py_pubsub) StdoutLine: {'line': b'=========================== short test summary info ============================\n'}
[2.334243] (py_pubsub) StdoutLine: {'line': b'FAILED test/test_flake8.py::test_flake8 - AssertionError: Found 1 code style ...\n'}
[2.334295] (py_pubsub) StdoutLine: {'line': b'FAILED test/test_pep257.py::test_pep257 - AssertionError: Found code style er...\n'}
[2.334401] (py_pubsub) StdoutLine: {'line': b'\x1b[31m=================== \x1b[31m\x1b[1m2 failed\x1b[0m, \x1b[33m1 skipped\x1b[0m, \x1b[33m2 warnings\x1b[0m\x1b[31m in 0.15s\x1b[0m\x1b[31m ===================\x1b[0m\n'}
[2.422410] (-) TimerEvent: {}
[2.433819] (py_srvcli) Command: {'cmd': ['/usr/bin/python3', '-m', 'pytest'], 'cwd': '/home/zheka/Smart-Mobility-Engineering-Lab/ros2_ws/src/py_srvcli', 'env': {'LESSOPEN': '| /usr/bin/lesspipe %s', 'USER': 'zheka', 'LC_TIME': 'ko_KR.UTF-8', 'XDG_SESSION_TYPE': 'wayland', 'SHLVL': '1', 'LD_LIBRARY_PATH': '/home/zheka/Smart-Mobility-Engineering-Lab/ros2_ws/install/tutorial_interfaces/lib:/opt/ros/humble/opt/rviz_ogre_vendor/lib:/opt/ros/humble/lib/aarch64-linux-gnu:/opt/ros/humble/lib', 'HOME': '/home/zheka', 'OLDPWD': '/home/zheka/Smart-Mobility-Engineering-Lab', 'DESKTOP_SESSION': 'ubuntu', 'ROS_PYTHON_VERSION': '3', 'GNOME_SHELL_SESSION_MODE': 'ubuntu', 'GTK_MODULES': 'gail:atk-bridge', 'LC_MONETARY': 'ko_KR.UTF-8', 'SYSTEMD_EXEC_PID': '1010', 'DBUS_SESSION_BUS_ADDRESS': 'unix:path=/run/user/1000/bus', 'COLORTERM': 'truecolor', '_colcon_cd_root': '/opt/ros/humble/', 'IM_CONFIG_PHASE': '1', 'WAYLAND_DISPLAY': 'wayland-0', 'ROS_DISTRO': 'humble', 'LOGNAME': 'zheka', '_': '/usr/bin/colcon', 'ROS_VERSION': '2', 'XDG_SESSION_CLASS': 'user', 'USERNAME': 'zheka', 'TERM': 'xterm-256color', 'GNOME_DESKTOP_SESSION_ID': 'this-is-deprecated', 'ROS_LOCALHOST_ONLY': '0', 'PATH': '/opt/ros/humble/bin:/usr/local/sbin:/usr/local/bin:/usr/sbin:/usr/bin:/sbin:/bin:/usr/games:/usr/local/games:/snap/bin:/snap/bin', 'SESSION_MANAGER': 'local/zheka-virtual-machine:@/tmp/.ICE-unix/979,unix/zheka-virtual-machine:/tmp/.ICE-unix/979', 'XDG_MENU_PREFIX': 'gnome-', 'LC_ADDRESS': 'ko_KR.UTF-8', 'GNOME_TERMINAL_SCREEN': '/org/gnome/Terminal/screen/9f77f5ec_00c6_4e1d_a7e1_cce16f46cf3c', 'GNOME_SETUP_DISPLAY': ':1', 'XDG_RUNTIME_DIR': '/run/user/1000', 'DISPLAY': ':0', 'LANG': 'en_US.UTF-8', 'XDG_CURRENT_DESKTOP': 'ubuntu:GNOME', 'LC_TELEPHONE': 'ko_KR.UTF-8', 'XMODIFIERS': '@im=ibus', 'XDG_SESSION_DESKTOP': 'ubuntu', 'XAUTHORITY': '/run/user/1000/.mutter-Xwaylandauth.0FT7C2', 'LS_COLORS': 'rs=0:di=01;34:ln=01;36:mh=00:pi=40;33:so=01;35:do=01;35:bd=40;33;01:cd=40;33;01:or=40;31;01:mi=00:su=37;41:sg=30;43:ca=30;41:tw=30;42:ow=34;42:st=37;44:ex=01;32:*.tar=01;31:*.tgz=01;31:*.arc=01;31:*.arj=01;31:*.taz=01;31:*.lha=01;31:*.lz4=01;31:*.lzh=01;31:*.lzma=01;31:*.tlz=01;31:*.txz=01;31:*.tzo=01;31:*.t7z=01;31:*.zip=01;31:*.z=01;31:*.dz=01;31:*.gz=01;31:*.lrz=01;31:*.lz=01;31:*.lzo=01;31:*.xz=01;31:*.zst=01;31:*.tzst=01;31:*.bz2=01;31:*.bz=01;31:*.tbz=01;31:*.tbz2=01;31:*.tz=01;31:*.deb=01;31:*.rpm=01;31:*.jar=01;31:*.war=01;31:*.ear=01;31:*.sar=01;31:*.rar=01;31:*.alz=01;31:*.ace=01;31:*.zoo=01;31:*.cpio=01;31:*.7z=01;31:*.rz=01;31:*.cab=01;31:*.wim=01;31:*.swm=01;31:*.dwm=01;31:*.esd=01;31:*.jpg=01;35:*.jpeg=01;35:*.mjpg=01;35:*.mjpeg=01;35:*.gif=01;35:*.bmp=01;35:*.pbm=01;35:*.pgm=01;35:*.ppm=01;35:*.tga=01;35:*.xbm=01;35:*.xpm=01;35:*.tif=01;35:*.tiff=01;35:*.png=01;35:*.svg=01;35:*.svgz=01;35:*.mng=01;35:*.pcx=01;35:*.mov=01;35:*.mpg=01;35:*.mpeg=01;35:*.m2v=01;35:*.mkv=01;35:*.webm=01;35:*.webp=01;35:*.ogm=01;35:*.mp4=01;35:*.m4v=01;35:*.mp4v=01;35:*.vob=01;35:*.qt=01;35:*.nuv=01;35:*.wmv=01;35:*.asf=01;35:*.rm=01;35:*.rmvb=01;35:*.flc=01;35:*.avi=01;35:*.fli=01;35:*.flv=01;35:*.gl=01;35:*.dl=01;35:*.xcf=01;35:*.xwd=01;35:*.yuv=01;35:*.cgm=01;35:*.emf=01;35:*.ogv=01;35:*.ogx=01;35:*.aac=00;36:*.au=00;36:*.flac=00;36:*.m4a=00;36:*.mid=00;36:*.midi=00;36:*.mka=00;36:*.mp3=00;36:*.mpc=00;36:*.ogg=00;36:*.ra=00;36:*.wav=00;36:*.oga=00;36:*.opus=00;36:*.spx=00;36:*.xspf=00;36:', 'GNOME_TERMINAL_SERVICE': ':1.89', 'SSH_AGENT_LAUNCHER': 'gnome-keyring', 'SSH_AUTH_SOCK': '/run/user/1000/keyring/ssh', 'AMENT_PREFIX_PATH': '/home/zheka/Smart-Mobility-Engineering-Lab/ros2_ws/install/py_srvcli:/home/zheka/Smart-Mobility-Engineering-Lab/ros2_ws/install/tutorial_interfaces:/opt/ros/humble', 'SHELL': '/bin/bash', 'LC_NAME': 'ko_KR.UTF-8', 'QT_ACCESSIBILITY': '1', 'GDMSESSION': 'ubuntu', 'LESSCLOSE': '/usr/bin/lesspipe %s %s', 'LC_MEASUREMENT': 'ko_KR.UTF-8', 'LC_IDENTIFICATION': 'ko_KR.UTF-8', 'QT_IM_MODULE': 'ibus', 'PWD': '/home/zheka/Smart-Mobility-Engineering-Lab/ros2_ws/build/py_srvcli', 'XDG_CONFIG_DIRS': '/etc/xdg/xdg-ubuntu:/etc/xdg', 'XDG_DATA_DIRS': '/usr/share/ubuntu:/usr/local/share/:/usr/share/:/var/lib/snapd/desktop', 'PYTHONPATH': '/home/zheka/Smart-Mobility-Engineering-Lab/ros2_ws/install/py_srvcli/lib/python3.10/site-packages:/home/zheka/Smart-Mobility-Engineering-Lab/ros2_ws/install/tutorial_interfaces/local/lib/python3.10/dist-packages:/opt/ros/humble/lib/python3.10/site-packages:/opt/ros/humble/local/lib/python3.10/dist-packages', 'LC_NUMERIC': 'ko_KR.UTF-8', 'LC_PAPER': 'ko_KR.UTF-8', 'COLCON': '1', 'VTE_VERSION': '6800', 'CMAKE_PREFIX_PATH': '/home/zheka/Smart-Mobility-Engineering-Lab/ros2_ws/install/tutorial_interfaces', 'PYTEST_ADDOPTS': '--tb=short --junit-xml=/home/zheka/Smart-Mobility-Engineering-Lab/ros2_ws/build/py_srvcli/pytest.xml --junit-prefix=py_srvcli -o cache_dir=/home/zheka/Smart-Mobility-Engineering-Lab/ros2_ws/build/py_srvcli/.pytest_cache'}, 'shell': False}
[2.434681] (py_pubsub) CommandEnded: {'returncode': 1}
[2.434838] (py_pubsub) TestFailure: {'identifier': 'py_pubsub'}
[2.434852] (py_pubsub) JobEnded: {'identifier': 'py_pubsub', 'rc': 0}
[2.522966] (-) TimerEvent: {}
[2.566445] (py_srvcli) StdoutLine: {'line': b'\x1b[1m============================= test session starts ==============================\x1b[0m\n'}
[2.566554] (py_srvcli) StdoutLine: {'line': b'platform linux -- Python 3.10.12, pytest-6.2.5, py-1.10.0, pluggy-0.13.0\n'}
[2.568438] (py_srvcli) StdoutLine: {'line': b'cachedir: /home/zheka/Smart-Mobility-Engineering-Lab/ros2_ws/build/py_srvcli/.pytest_cache\n'}
[2.568482] (py_srvcli) StdoutLine: {'line': b'rootdir: /home/zheka/Smart-Mobility-Engineering-Lab/ros2_ws/src/py_srvcli\n'}
[2.568527] (py_srvcli) StdoutLine: {'line': b'plugins: ament-lint-0.12.8, ament-copyright-0.12.8, ament-flake8-0.12.8, launch-testing-1.0.4, ament-pep257-0.12.8, ament-xmllint-0.12.8, launch-testing-ros-0.19.6, cov-3.0.0, colcon-core-0.15.0\n'}
[2.605604] (py_srvcli) StdoutLine: {'line': b'\x1b[1mcollecting ... \x1b[0m\x1b[1m\n'}
[2.605698] (py_srvcli) StdoutLine: {'line': b'collected 3 items                                                              \x1b[0m\n'}
[2.605748] (py_srvcli) StdoutLine: {'line': b'\n'}
[2.608939] (py_srvcli) StdoutLine: {'line': b'test/test_copyright.py \x1b[33ms\x1b[0m\x1b[32m                                                 [ 33%]\x1b[0m\n'}
[2.623655] (-) TimerEvent: {}
[2.673110] (py_srvcli) StdoutLine: {'line': b'test/test_flake8.py \x1b[31mF\x1b[0m\x1b[31m                                                    [ 66%]\x1b[0m\n'}
[2.685523] (py_srvcli) StdoutLine: {'line': b'test/test_pep257.py \x1b[31mF\x1b[0m\x1b[31m                                                    [100%]\x1b[0m\n'}
[2.685621] (py_srvcli) StdoutLine: {'line': b'\n'}
[2.685707] (py_srvcli) StdoutLine: {'line': b'=================================== FAILURES ===================================\n'}
[2.685740] (py_srvcli) StdoutLine: {'line': b'\x1b[31m\x1b[1m_________________________________ test_flake8 __________________________________\x1b[0m\n'}
[2.685768] (py_srvcli) StdoutLine: {'line': b'\x1b[1m\x1b[31mtest/test_flake8.py\x1b[0m:23: in test_flake8\n'}
[2.707948] (py_srvcli) StdoutLine: {'line': b'    \x1b[94massert\x1b[39;49;00m rc == \x1b[94m0\x1b[39;49;00m, \\\n'}
[2.708057] (py_srvcli) StdoutLine: {'line': b'\x1b[1m\x1b[31mE   AssertionError: Found 12 code style errors / warnings:\x1b[0m\n'}
[2.708100] (py_srvcli) StdoutLine: {'line': b'\x1b[1m\x1b[31mE     ./setup.py:22:5: W191 indentation contains tabs\x1b[0m\n'}
[2.708142] (py_srvcli) StdoutLine: {'line': b'\x1b[1m\x1b[31mE     ./setup.py:22:5: E101 indentation contains mixed spaces and tabs\x1b[0m\n'}
[2.708181] (py_srvcli) StdoutLine: {'line': b'\x1b[1m\x1b[31mE     ./setup.py:23:8: W191 indentation contains tabs\x1b[0m\n'}
[2.708220] (py_srvcli) StdoutLine: {'line': b'\x1b[1m\x1b[31mE     ./setup.py:23:8: E101 indentation contains mixed spaces and tabs\x1b[0m\n'}
[2.708252] (py_srvcli) StdoutLine: {'line': b'\x1b[1m\x1b[31mE     ./py_srvcli/client_member_function.py:81:100: E501 line too long (111 > 99 characters)\x1b[0m\n'}
[2.708290] (py_srvcli) StdoutLine: {'line': b'\x1b[1m\x1b[31mE     ./py_srvcli/client_member_function.py:82:100: E501 line too long (111 > 99 characters)\x1b[0m\n'}
[2.708317] (py_srvcli) StdoutLine: {'line': b'\x1b[1m\x1b[31mE     ./py_srvcli/service_member_function.py:35:100: E501 line too long (115 > 99 characters)\x1b[0m\n'}
[2.708351] (py_srvcli) StdoutLine: {'line': b'\x1b[1m\x1b[31mE     ./py_srvcli/service_member_function.py:45:100: E501 line too long (115 > 99 characters)\x1b[0m\n'}
[2.708378] (py_srvcli) StdoutLine: {'line': b'\x1b[1m\x1b[31mE     ./py_srvcli/service_member_function.py:48:100: E501 line too long (115 > 99 characters)\x1b[0m\n'}
[2.708532] (py_srvcli) StdoutLine: {'line': b'\x1b[1m\x1b[31mE     ./py_srvcli/service_member_function.py:49:100: E501 line too long (115 > 99 characters)\x1b[0m\n'}
[2.708561] (py_srvcli) StdoutLine: {'line': b'\x1b[1m\x1b[31mE     ./py_srvcli/service_member_function.py:53:1: E302 expected 2 blank lines, found 1\x1b[0m\n'}
[2.708587] (py_srvcli) StdoutLine: {'line': b'\x1b[1m\x1b[31mE     ./py_srvcli/service_member_function.py:62:1: E305 expected 2 blank lines after class or function definition, found 1\x1b[0m\n'}
[2.708613] (py_srvcli) StdoutLine: {'line': b'\x1b[1m\x1b[31mE   assert 1 == 0\x1b[0m\n'}
[2.708638] (py_srvcli) StdoutLine: {'line': b'----------------------------- Captured stdout call -----------------------------\n'}
[2.708665] (py_srvcli) StdoutLine: {'line': b'\n'}
[2.708718] (py_srvcli) StdoutLine: {'line': b'./setup.py:22:5: W191 indentation contains tabs\n'}
[2.708744] (py_srvcli) StdoutLine: {'line': b"    \t'console_scripts': [\n"}
[2.708769] (py_srvcli) StdoutLine: {'line': b'    ^\n'}
[2.708795] (py_srvcli) StdoutLine: {'line': b'\n'}
[2.708820] (py_srvcli) StdoutLine: {'line': b'./setup.py:22:5: E101 indentation contains mixed spaces and tabs\n'}
[2.708845] (py_srvcli) StdoutLine: {'line': b"    \t'console_scripts': [\n"}
[2.708870] (py_srvcli) StdoutLine: {'line': b'    ^\n'}
[2.708905] (py_srvcli) StdoutLine: {'line': b'\n'}
[2.708930] (py_srvcli) StdoutLine: {'line': b'./setup.py:23:8: W191 indentation contains tabs\n'}
[2.708967] (py_srvcli) StdoutLine: {'line': b"       \t     'service = py_srvcli.service_member_function:main',\n"}
[2.708993] (py_srvcli) StdoutLine: {'line': b'       ^\n'}
[2.709018] (py_srvcli) StdoutLine: {'line': b'\n'}
[2.709042] (py_srvcli) StdoutLine: {'line': b'./setup.py:23:8: E101 indentation contains mixed spaces and tabs\n'}
[2.709067] (py_srvcli) StdoutLine: {'line': b"       \t     'service = py_srvcli.service_member_function:main',\n"}
[2.709092] (py_srvcli) StdoutLine: {'line': b'       ^\n'}
[2.709117] (py_srvcli) StdoutLine: {'line': b'\n'}
[2.709141] (py_srvcli) StdoutLine: {'line': b'./py_srvcli/client_member_function.py:81:100: E501 line too long (111 > 99 characters)\n'}
[2.709166] (py_srvcli) StdoutLine: {'line': b"                    'Result of add_three_ints: for %d + %d + %d = %d' %                                # CHANGE\n"}
[2.709191] (py_srvcli) StdoutLine: {'line': b'                                                                                                   ^\n'}
[2.709217] (py_srvcli) StdoutLine: {'line': b'\n'}
[2.709243] (py_srvcli) StdoutLine: {'line': b'./py_srvcli/client_member_function.py:82:100: E501 line too long (111 > 99 characters)\n'}
[2.709269] (py_srvcli) StdoutLine: {'line': b'                    (minimal_client.req.a, minimal_client.req.b, minimal_client.req.c, response.sum))  # CHANGE\n'}
[2.709296] (py_srvcli) StdoutLine: {'line': b'                                                                                                   ^\n'}
[2.709322] (py_srvcli) StdoutLine: {'line': b'\n'}
[2.709347] (py_srvcli) StdoutLine: {'line': b'./py_srvcli/service_member_function.py:35:100: E501 line too long (115 > 99 characters)\n'}
[2.709373] (py_srvcli) StdoutLine: {'line': b'from tutorial_interfaces.srv import AddThreeInts                                                           # CHANGE\n'}
[2.709399] (py_srvcli) StdoutLine: {'line': b'                                                                                                   ^\n'}
[2.709426] (py_srvcli) StdoutLine: {'line': b'\n'}
[2.709452] (py_srvcli) StdoutLine: {'line': b'./py_srvcli/service_member_function.py:45:100: E501 line too long (115 > 99 characters)\n'}
[2.709525] (py_srvcli) StdoutLine: {'line': b"        self.srv = self.create_service(AddThreeInts, 'add_three_ints', self.add_three_ints_callback)       # CHANGE\n"}
[2.709585] (py_srvcli) StdoutLine: {'line': b'                                                                                                   ^\n'}
[2.709743] (py_srvcli) StdoutLine: {'line': b'\n'}
[2.709779] (py_srvcli) StdoutLine: {'line': b'./py_srvcli/service_member_function.py:48:100: E501 line too long (115 > 99 characters)\n'}
[2.709806] (py_srvcli) StdoutLine: {'line': b'        response.sum = request.a + request.b + request.c                                                   # CHANGE\n'}
[2.709834] (py_srvcli) StdoutLine: {'line': b'                                                                                                   ^\n'}
[2.709862] (py_srvcli) StdoutLine: {'line': b'\n'}
[2.709931] (py_srvcli) StdoutLine: {'line': b'./py_srvcli/service_member_function.py:49:100: E501 line too long (115 > 99 characters)\n'}
[2.709959] (py_srvcli) StdoutLine: {'line': b"        self.get_logger().info('Incoming request\\na: %d b: %d c: %d' % (request.a, request.b, request.c))  # CHANGE\n"}
[2.709987] (py_srvcli) StdoutLine: {'line': b'                                                                                                   ^\n'}
[2.710014] (py_srvcli) StdoutLine: {'line': b'\n'}
[2.710041] (py_srvcli) StdoutLine: {'line': b'./py_srvcli/service_member_function.py:53:1: E302 expected 2 blank lines, found 1\n'}
[2.710086] (py_srvcli) StdoutLine: {'line': b'def main(args=None):\n'}
[2.710117] (py_srvcli) StdoutLine: {'line': b'^\n'}
[2.710169] (py_srvcli) StdoutLine: {'line': b'\n'}
[2.710197] (py_srvcli) StdoutLine: {'line': b'./py_srvcli/service_member_function.py:62:1: E305 expected 2 blank lines after class or function definition, found 1\n'}
[2.710230] (py_srvcli) StdoutLine: {'line': b"if __name__ == '__main__':\n"}
[2.710257] (py_srvcli) StdoutLine: {'line': b'^\n'}
[2.710286] (py_srvcli) StdoutLine: {'line': b'\n'}
[2.710316] (py_srvcli) StdoutLine: {'line': b'2     E101 indentation contains mixed spaces and tabs\n'}
[2.710344] (py_srvcli) StdoutLine: {'line': b'1     E302 expected 2 blank lines, found 1\n'}
[2.710414] (py_srvcli) StdoutLine: {'line': b'1     E305 expected 2 blank lines after class or function definition, found 1\n'}
[2.710456] (py_srvcli) StdoutLine: {'line': b'6     E501 line too long (111 > 99 characters)\n'}
[2.710487] (py_srvcli) StdoutLine: {'line': b'2     W191 indentation contains tabs\n'}
[2.710516] (py_srvcli) StdoutLine: {'line': b'\n'}
[2.710543] (py_srvcli) StdoutLine: {'line': b'7 files checked\n'}
[2.710572] (py_srvcli) StdoutLine: {'line': b'12 errors\n'}
[2.710600] (py_srvcli) StdoutLine: {'line': b'\n'}
[2.710627] (py_srvcli) StdoutLine: {'line': b"'E'-type errors: 10\n"}
[2.710655] (py_srvcli) StdoutLine: {'line': b"'W'-type errors: 2\n"}
[2.710680] (py_srvcli) StdoutLine: {'line': b'\n'}
[2.710707] (py_srvcli) StdoutLine: {'line': b'Checked files:\n'}
[2.710733] (py_srvcli) StdoutLine: {'line': b'\n'}
[2.710759] (py_srvcli) StdoutLine: {'line': b'* ./setup.py\n'}
[2.710785] (py_srvcli) StdoutLine: {'line': b'* ./test/test_flake8.py\n'}
[2.710811] (py_srvcli) StdoutLine: {'line': b'* ./test/test_copyright.py\n'}
[2.710838] (py_srvcli) StdoutLine: {'line': b'* ./test/test_pep257.py\n'}
[2.710865] (py_srvcli) StdoutLine: {'line': b'* ./py_srvcli/__init__.py\n'}
[2.710891] (py_srvcli) StdoutLine: {'line': b'* ./py_srvcli/client_member_function.py\n'}
[2.710917] (py_srvcli) StdoutLine: {'line': b'* ./py_srvcli/service_member_function.py\n'}
[2.710943] (py_srvcli) StdoutLine: {'line': b'----------------------------- Captured stderr call -----------------------------\n'}
[2.710970] (py_srvcli) StdoutLine: {'line': b'option --max-complexity: please update from optparse string `type=` to argparse callable `type=` -- this will be an error in the future\n'}
[2.710999] (py_srvcli) StdoutLine: {'line': b'\x1b[31m\x1b[1m_________________________________ test_pep257 __________________________________\x1b[0m\n'}
[2.711026] (py_srvcli) StdoutLine: {'line': b'\x1b[1m\x1b[31mtest/test_pep257.py\x1b[0m:23: in test_pep257\n'}
[2.711053] (py_srvcli) StdoutLine: {'line': b"    \x1b[94massert\x1b[39;49;00m rc == \x1b[94m0\x1b[39;49;00m, \x1b[33m'\x1b[39;49;00m\x1b[33mFound code style errors / warnings\x1b[39;49;00m\x1b[33m'\x1b[39;49;00m\n"}
[2.711081] (py_srvcli) StdoutLine: {'line': b'\x1b[1m\x1b[31mE   AssertionError: Found code style errors / warnings\x1b[0m\n'}
[2.711108] (py_srvcli) StdoutLine: {'line': b'\x1b[1m\x1b[31mE   assert 1 == 0\x1b[0m\n'}
[2.711141] (py_srvcli) StdoutLine: {'line': b'----------------------------- Captured stdout call -----------------------------\n'}
[2.711169] (py_srvcli) StdoutLine: {'line': b'checking ./py_srvcli/__init__.py\n'}
[2.711196] (py_srvcli) StdoutLine: {'line': b'checking ./py_srvcli/client_member_function.py\n'}
[2.711222] (py_srvcli) StdoutLine: {'line': b"./py_srvcli/client_member_function.py:1 at module level: D400: First line should end with a period (not 's')\n"}
[2.711250] (py_srvcli) StdoutLine: {'line': b"./py_srvcli/client_member_function.py:1 at module level: D415: First line should end with a period, question mark, or exclamation point (not 's')\n"}
[2.711277] (py_srvcli) StdoutLine: {'line': b'checking ./py_srvcli/service_member_function.py\n'}
[2.711304] (py_srvcli) StdoutLine: {'line': b'./py_srvcli/service_member_function.py:1 at module level: D301: Use r""" if any backslashes in a docstring\n'}
[2.711330] (py_srvcli) StdoutLine: {'line': b"./py_srvcli/service_member_function.py:1 at module level: D400: First line should end with a period (not 's')\n"}
[2.711358] (py_srvcli) StdoutLine: {'line': b"./py_srvcli/service_member_function.py:1 at module level: D415: First line should end with a period, question mark, or exclamation point (not 's')\n"}
[2.711388] (py_srvcli) StdoutLine: {'line': b'checking ./setup.py\n'}
[2.711415] (py_srvcli) StdoutLine: {'line': b'checking ./test/test_copyright.py\n'}
[2.711454] (py_srvcli) StdoutLine: {'line': b'checking ./test/test_flake8.py\n'}
[2.711483] (py_srvcli) StdoutLine: {'line': b'checking ./test/test_pep257.py\n'}
[2.711511] (py_srvcli) StdoutLine: {'line': b'checking test/test_copyright.py\n'}
[2.711550] (py_srvcli) StdoutLine: {'line': b'checking test/test_flake8.py\n'}
[2.711588] (py_srvcli) StdoutLine: {'line': b'checking test/test_pep257.py\n'}
[2.711616] (py_srvcli) StdoutLine: {'line': b'5 errors\n'}
[2.711646] (py_srvcli) StderrLine: {'line': b'\x1b[33m=============================== warnings summary ===============================\x1b[0m\n'}
[2.711688] (py_srvcli) StderrLine: {'line': b'test/test_flake8.py::test_flake8\n'}
[2.711716] (py_srvcli) StderrLine: {'line': b'test/test_flake8.py::test_flake8\n'}
[2.711742] (py_srvcli) StderrLine: {'line': b'  Warning: SelectableGroups dict interface is deprecated. Use select.\n'}
[2.711769] (py_srvcli) StderrLine: {'line': b'\n'}
[2.711795] (py_srvcli) StderrLine: {'line': b'-- Docs: https://docs.pytest.org/en/stable/warnings.html\n'}
[2.711821] (py_srvcli) StdoutLine: {'line': b'- generated xml file: /home/zheka/Smart-Mobility-Engineering-Lab/ros2_ws/build/py_srvcli/pytest.xml -\n'}
[2.711880] (py_srvcli) StdoutLine: {'line': b'=========================== short test summary info ============================\n'}
[2.711910] (py_srvcli) StdoutLine: {'line': b'FAILED test/test_flake8.py::test_flake8 - AssertionError: Found 12 code style...\n'}
[2.711937] (py_srvcli) StdoutLine: {'line': b'FAILED test/test_pep257.py::test_pep257 - AssertionError: Found code style er...\n'}
[2.711964] (py_srvcli) StdoutLine: {'line': b'\x1b[31m=================== \x1b[31m\x1b[1m2 failed\x1b[0m, \x1b[33m1 skipped\x1b[0m, \x1b[33m2 warnings\x1b[0m\x1b[31m in 0.14s\x1b[0m\x1b[31m ===================\x1b[0m\n'}
[2.723961] (-) TimerEvent: {}
[2.765334] (py_srvcli) CommandEnded: {'returncode': 1}
[2.765597] (py_srvcli) TestFailure: {'identifier': 'py_srvcli'}
[2.765613] (py_srvcli) JobEnded: {'identifier': 'py_srvcli', 'rc': 0}
[2.775743] (-) EventReactorShutdown: {}
